ARM GAS  C:\Users\Walaa\AppData\Local\Temp\ccY1CNsa.s 			page 1


   1              		.syntax unified
   2              		.cpu cortex-m3
   3              		.fpu softvfp
   4              		.eabi_attribute 20, 1
   5              		.eabi_attribute 21, 1
   6              		.eabi_attribute 23, 3
   7              		.eabi_attribute 24, 1
   8              		.eabi_attribute 25, 1
   9              		.eabi_attribute 26, 1
  10              		.eabi_attribute 30, 1
  11              		.eabi_attribute 34, 1
  12              		.eabi_attribute 18, 4
  13              		.thumb
  14              		.syntax unified
  15              		.file	"count_time_to_transmit_PM.c"
  16              		.text
  17              	.Ltext0:
  18              		.cfi_sections	.debug_frame
  19              		.section	.text.count_time_to_transmit_SaveConfig,"ax",%progbits
  20              		.align	2
  21              		.global	count_time_to_transmit_SaveConfig
  22              		.thumb
  23              		.thumb_func
  24              		.type	count_time_to_transmit_SaveConfig, %function
  25              	count_time_to_transmit_SaveConfig:
  26              	.LFB0:
  27              		.file 1 "Generated_Source\\PSoC5\\count_time_to_transmit_PM.c"
   1:Generated_Source\PSoC5/count_time_to_transmit_PM.c **** /*******************************************************************************
   2:Generated_Source\PSoC5/count_time_to_transmit_PM.c **** * File Name: count_time_to_transmit_PM.c  
   3:Generated_Source\PSoC5/count_time_to_transmit_PM.c **** * Version 3.0
   4:Generated_Source\PSoC5/count_time_to_transmit_PM.c **** *
   5:Generated_Source\PSoC5/count_time_to_transmit_PM.c **** *  Description:
   6:Generated_Source\PSoC5/count_time_to_transmit_PM.c **** *    This file provides the power management source code to API for the
   7:Generated_Source\PSoC5/count_time_to_transmit_PM.c **** *    Counter.  
   8:Generated_Source\PSoC5/count_time_to_transmit_PM.c **** *
   9:Generated_Source\PSoC5/count_time_to_transmit_PM.c **** *   Note:
  10:Generated_Source\PSoC5/count_time_to_transmit_PM.c **** *     None
  11:Generated_Source\PSoC5/count_time_to_transmit_PM.c **** *
  12:Generated_Source\PSoC5/count_time_to_transmit_PM.c **** ********************************************************************************
  13:Generated_Source\PSoC5/count_time_to_transmit_PM.c **** * Copyright 2008-2012, Cypress Semiconductor Corporation.  All rights reserved.
  14:Generated_Source\PSoC5/count_time_to_transmit_PM.c **** * You may use this file only in accordance with the license, terms, conditions, 
  15:Generated_Source\PSoC5/count_time_to_transmit_PM.c **** * disclaimers, and limitations in the end user license agreement accompanying 
  16:Generated_Source\PSoC5/count_time_to_transmit_PM.c **** * the software package with which this file was provided.
  17:Generated_Source\PSoC5/count_time_to_transmit_PM.c **** *******************************************************************************/
  18:Generated_Source\PSoC5/count_time_to_transmit_PM.c **** 
  19:Generated_Source\PSoC5/count_time_to_transmit_PM.c **** #include "count_time_to_transmit.h"
  20:Generated_Source\PSoC5/count_time_to_transmit_PM.c **** 
  21:Generated_Source\PSoC5/count_time_to_transmit_PM.c **** static count_time_to_transmit_backupStruct count_time_to_transmit_backup;
  22:Generated_Source\PSoC5/count_time_to_transmit_PM.c **** 
  23:Generated_Source\PSoC5/count_time_to_transmit_PM.c **** 
  24:Generated_Source\PSoC5/count_time_to_transmit_PM.c **** /*******************************************************************************
  25:Generated_Source\PSoC5/count_time_to_transmit_PM.c **** * Function Name: count_time_to_transmit_SaveConfig
  26:Generated_Source\PSoC5/count_time_to_transmit_PM.c **** ********************************************************************************
  27:Generated_Source\PSoC5/count_time_to_transmit_PM.c **** * Summary:
  28:Generated_Source\PSoC5/count_time_to_transmit_PM.c **** *     Save the current user configuration
  29:Generated_Source\PSoC5/count_time_to_transmit_PM.c **** *
  30:Generated_Source\PSoC5/count_time_to_transmit_PM.c **** * Parameters:  
ARM GAS  C:\Users\Walaa\AppData\Local\Temp\ccY1CNsa.s 			page 2


  31:Generated_Source\PSoC5/count_time_to_transmit_PM.c **** *  void
  32:Generated_Source\PSoC5/count_time_to_transmit_PM.c **** *
  33:Generated_Source\PSoC5/count_time_to_transmit_PM.c **** * Return: 
  34:Generated_Source\PSoC5/count_time_to_transmit_PM.c **** *  void
  35:Generated_Source\PSoC5/count_time_to_transmit_PM.c **** *
  36:Generated_Source\PSoC5/count_time_to_transmit_PM.c **** * Global variables:
  37:Generated_Source\PSoC5/count_time_to_transmit_PM.c **** *  count_time_to_transmit_backup:  Variables of this global structure are modified to 
  38:Generated_Source\PSoC5/count_time_to_transmit_PM.c **** *  store the values of non retention configuration registers when Sleep() API is 
  39:Generated_Source\PSoC5/count_time_to_transmit_PM.c **** *  called.
  40:Generated_Source\PSoC5/count_time_to_transmit_PM.c **** *
  41:Generated_Source\PSoC5/count_time_to_transmit_PM.c **** *******************************************************************************/
  42:Generated_Source\PSoC5/count_time_to_transmit_PM.c **** void count_time_to_transmit_SaveConfig(void) 
  43:Generated_Source\PSoC5/count_time_to_transmit_PM.c **** {
  28              		.loc 1 43 0
  29              		.cfi_startproc
  30              		@ args = 0, pretend = 0, frame = 0
  31              		@ frame_needed = 0, uses_anonymous_args = 0
  32              		@ link register save eliminated.
  33 0000 7047     		bx	lr
  34              		.cfi_endproc
  35              	.LFE0:
  36              		.size	count_time_to_transmit_SaveConfig, .-count_time_to_transmit_SaveConfig
  37 0002 00BF     		.section	.text.count_time_to_transmit_RestoreConfig,"ax",%progbits
  38              		.align	2
  39              		.global	count_time_to_transmit_RestoreConfig
  40              		.thumb
  41              		.thumb_func
  42              		.type	count_time_to_transmit_RestoreConfig, %function
  43              	count_time_to_transmit_RestoreConfig:
  44              	.LFB1:
  44:Generated_Source\PSoC5/count_time_to_transmit_PM.c ****     #if (!count_time_to_transmit_UsingFixedFunction)
  45:Generated_Source\PSoC5/count_time_to_transmit_PM.c **** 
  46:Generated_Source\PSoC5/count_time_to_transmit_PM.c ****         count_time_to_transmit_backup.CounterUdb = count_time_to_transmit_ReadCounter();
  47:Generated_Source\PSoC5/count_time_to_transmit_PM.c **** 
  48:Generated_Source\PSoC5/count_time_to_transmit_PM.c ****         #if(!count_time_to_transmit_ControlRegRemoved)
  49:Generated_Source\PSoC5/count_time_to_transmit_PM.c ****             count_time_to_transmit_backup.CounterControlRegister = count_time_to_transmit_ReadContr
  50:Generated_Source\PSoC5/count_time_to_transmit_PM.c ****         #endif /* (!count_time_to_transmit_ControlRegRemoved) */
  51:Generated_Source\PSoC5/count_time_to_transmit_PM.c **** 
  52:Generated_Source\PSoC5/count_time_to_transmit_PM.c ****     #endif /* (!count_time_to_transmit_UsingFixedFunction) */
  53:Generated_Source\PSoC5/count_time_to_transmit_PM.c **** }
  54:Generated_Source\PSoC5/count_time_to_transmit_PM.c **** 
  55:Generated_Source\PSoC5/count_time_to_transmit_PM.c **** 
  56:Generated_Source\PSoC5/count_time_to_transmit_PM.c **** /*******************************************************************************
  57:Generated_Source\PSoC5/count_time_to_transmit_PM.c **** * Function Name: count_time_to_transmit_RestoreConfig
  58:Generated_Source\PSoC5/count_time_to_transmit_PM.c **** ********************************************************************************
  59:Generated_Source\PSoC5/count_time_to_transmit_PM.c **** *
  60:Generated_Source\PSoC5/count_time_to_transmit_PM.c **** * Summary:
  61:Generated_Source\PSoC5/count_time_to_transmit_PM.c **** *  Restores the current user configuration.
  62:Generated_Source\PSoC5/count_time_to_transmit_PM.c **** *
  63:Generated_Source\PSoC5/count_time_to_transmit_PM.c **** * Parameters:  
  64:Generated_Source\PSoC5/count_time_to_transmit_PM.c **** *  void
  65:Generated_Source\PSoC5/count_time_to_transmit_PM.c **** *
  66:Generated_Source\PSoC5/count_time_to_transmit_PM.c **** * Return: 
  67:Generated_Source\PSoC5/count_time_to_transmit_PM.c **** *  void
  68:Generated_Source\PSoC5/count_time_to_transmit_PM.c **** *
  69:Generated_Source\PSoC5/count_time_to_transmit_PM.c **** * Global variables:
  70:Generated_Source\PSoC5/count_time_to_transmit_PM.c **** *  count_time_to_transmit_backup:  Variables of this global structure are used to 
ARM GAS  C:\Users\Walaa\AppData\Local\Temp\ccY1CNsa.s 			page 3


  71:Generated_Source\PSoC5/count_time_to_transmit_PM.c **** *  restore the values of non retention registers on wakeup from sleep mode.
  72:Generated_Source\PSoC5/count_time_to_transmit_PM.c **** *
  73:Generated_Source\PSoC5/count_time_to_transmit_PM.c **** *******************************************************************************/
  74:Generated_Source\PSoC5/count_time_to_transmit_PM.c **** void count_time_to_transmit_RestoreConfig(void) 
  75:Generated_Source\PSoC5/count_time_to_transmit_PM.c **** {      
  45              		.loc 1 75 0
  46              		.cfi_startproc
  47              		@ args = 0, pretend = 0, frame = 0
  48              		@ frame_needed = 0, uses_anonymous_args = 0
  49              		@ link register save eliminated.
  50 0000 7047     		bx	lr
  51              		.cfi_endproc
  52              	.LFE1:
  53              		.size	count_time_to_transmit_RestoreConfig, .-count_time_to_transmit_RestoreConfig
  54 0002 00BF     		.section	.text.count_time_to_transmit_Sleep,"ax",%progbits
  55              		.align	2
  56              		.global	count_time_to_transmit_Sleep
  57              		.thumb
  58              		.thumb_func
  59              		.type	count_time_to_transmit_Sleep, %function
  60              	count_time_to_transmit_Sleep:
  61              	.LFB2:
  76:Generated_Source\PSoC5/count_time_to_transmit_PM.c ****     #if (!count_time_to_transmit_UsingFixedFunction)
  77:Generated_Source\PSoC5/count_time_to_transmit_PM.c **** 
  78:Generated_Source\PSoC5/count_time_to_transmit_PM.c ****        count_time_to_transmit_WriteCounter(count_time_to_transmit_backup.CounterUdb);
  79:Generated_Source\PSoC5/count_time_to_transmit_PM.c **** 
  80:Generated_Source\PSoC5/count_time_to_transmit_PM.c ****         #if(!count_time_to_transmit_ControlRegRemoved)
  81:Generated_Source\PSoC5/count_time_to_transmit_PM.c ****             count_time_to_transmit_WriteControlRegister(count_time_to_transmit_backup.CounterContro
  82:Generated_Source\PSoC5/count_time_to_transmit_PM.c ****         #endif /* (!count_time_to_transmit_ControlRegRemoved) */
  83:Generated_Source\PSoC5/count_time_to_transmit_PM.c **** 
  84:Generated_Source\PSoC5/count_time_to_transmit_PM.c ****     #endif /* (!count_time_to_transmit_UsingFixedFunction) */
  85:Generated_Source\PSoC5/count_time_to_transmit_PM.c **** }
  86:Generated_Source\PSoC5/count_time_to_transmit_PM.c **** 
  87:Generated_Source\PSoC5/count_time_to_transmit_PM.c **** 
  88:Generated_Source\PSoC5/count_time_to_transmit_PM.c **** /*******************************************************************************
  89:Generated_Source\PSoC5/count_time_to_transmit_PM.c **** * Function Name: count_time_to_transmit_Sleep
  90:Generated_Source\PSoC5/count_time_to_transmit_PM.c **** ********************************************************************************
  91:Generated_Source\PSoC5/count_time_to_transmit_PM.c **** * Summary:
  92:Generated_Source\PSoC5/count_time_to_transmit_PM.c **** *     Stop and Save the user configuration
  93:Generated_Source\PSoC5/count_time_to_transmit_PM.c **** *
  94:Generated_Source\PSoC5/count_time_to_transmit_PM.c **** * Parameters:  
  95:Generated_Source\PSoC5/count_time_to_transmit_PM.c **** *  void
  96:Generated_Source\PSoC5/count_time_to_transmit_PM.c **** *
  97:Generated_Source\PSoC5/count_time_to_transmit_PM.c **** * Return: 
  98:Generated_Source\PSoC5/count_time_to_transmit_PM.c **** *  void
  99:Generated_Source\PSoC5/count_time_to_transmit_PM.c **** *
 100:Generated_Source\PSoC5/count_time_to_transmit_PM.c **** * Global variables:
 101:Generated_Source\PSoC5/count_time_to_transmit_PM.c **** *  count_time_to_transmit_backup.enableState:  Is modified depending on the enable 
 102:Generated_Source\PSoC5/count_time_to_transmit_PM.c **** *  state of the block before entering sleep mode.
 103:Generated_Source\PSoC5/count_time_to_transmit_PM.c **** *
 104:Generated_Source\PSoC5/count_time_to_transmit_PM.c **** *******************************************************************************/
 105:Generated_Source\PSoC5/count_time_to_transmit_PM.c **** void count_time_to_transmit_Sleep(void) 
 106:Generated_Source\PSoC5/count_time_to_transmit_PM.c **** {
  62              		.loc 1 106 0
  63              		.cfi_startproc
  64              		@ args = 0, pretend = 0, frame = 0
  65              		@ frame_needed = 0, uses_anonymous_args = 0
ARM GAS  C:\Users\Walaa\AppData\Local\Temp\ccY1CNsa.s 			page 4


  66              		.loc 1 106 0
  67 0000 08B5     		push	{r3, lr}
  68              		.cfi_def_cfa_offset 8
  69              		.cfi_offset 3, -8
  70              		.cfi_offset 14, -4
 107:Generated_Source\PSoC5/count_time_to_transmit_PM.c ****     #if(!count_time_to_transmit_ControlRegRemoved)
 108:Generated_Source\PSoC5/count_time_to_transmit_PM.c ****         /* Save Counter's enable state */
 109:Generated_Source\PSoC5/count_time_to_transmit_PM.c ****         if(count_time_to_transmit_CTRL_ENABLE == (count_time_to_transmit_CONTROL & count_time_to_tr
  71              		.loc 1 109 0
  72 0002 074B     		ldr	r3, .L7
  73 0004 1B78     		ldrb	r3, [r3]	@ zero_extendqisi2
  74 0006 13F0010F 		tst	r3, #1
  75 000a 03D0     		beq	.L4
 110:Generated_Source\PSoC5/count_time_to_transmit_PM.c ****         {
 111:Generated_Source\PSoC5/count_time_to_transmit_PM.c ****             /* Counter is enabled */
 112:Generated_Source\PSoC5/count_time_to_transmit_PM.c ****             count_time_to_transmit_backup.CounterEnableState = 1u;
  76              		.loc 1 112 0
  77 000c 0122     		movs	r2, #1
  78 000e 054B     		ldr	r3, .L7+4
  79 0010 1A70     		strb	r2, [r3]
  80 0012 02E0     		b	.L5
  81              	.L4:
 113:Generated_Source\PSoC5/count_time_to_transmit_PM.c ****         }
 114:Generated_Source\PSoC5/count_time_to_transmit_PM.c ****         else
 115:Generated_Source\PSoC5/count_time_to_transmit_PM.c ****         {
 116:Generated_Source\PSoC5/count_time_to_transmit_PM.c ****             /* Counter is disabled */
 117:Generated_Source\PSoC5/count_time_to_transmit_PM.c ****             count_time_to_transmit_backup.CounterEnableState = 0u;
  82              		.loc 1 117 0
  83 0014 0022     		movs	r2, #0
  84 0016 034B     		ldr	r3, .L7+4
  85 0018 1A70     		strb	r2, [r3]
  86              	.L5:
 118:Generated_Source\PSoC5/count_time_to_transmit_PM.c ****         }
 119:Generated_Source\PSoC5/count_time_to_transmit_PM.c ****     #else
 120:Generated_Source\PSoC5/count_time_to_transmit_PM.c ****         count_time_to_transmit_backup.CounterEnableState = 1u;
 121:Generated_Source\PSoC5/count_time_to_transmit_PM.c ****         if(count_time_to_transmit_backup.CounterEnableState != 0u)
 122:Generated_Source\PSoC5/count_time_to_transmit_PM.c ****         {
 123:Generated_Source\PSoC5/count_time_to_transmit_PM.c ****             count_time_to_transmit_backup.CounterEnableState = 0u;
 124:Generated_Source\PSoC5/count_time_to_transmit_PM.c ****         }
 125:Generated_Source\PSoC5/count_time_to_transmit_PM.c ****     #endif /* (!count_time_to_transmit_ControlRegRemoved) */
 126:Generated_Source\PSoC5/count_time_to_transmit_PM.c ****     
 127:Generated_Source\PSoC5/count_time_to_transmit_PM.c ****     count_time_to_transmit_Stop();
  87              		.loc 1 127 0
  88 001a FFF7FEFF 		bl	count_time_to_transmit_Stop
  89              	.LVL0:
  90 001e 08BD     		pop	{r3, pc}
  91              	.L8:
  92              		.align	2
  93              	.L7:
  94 0020 184F0040 		.word	1073762072
  95 0024 00000000 		.word	.LANCHOR0
  96              		.cfi_endproc
  97              	.LFE2:
  98              		.size	count_time_to_transmit_Sleep, .-count_time_to_transmit_Sleep
  99              		.section	.text.count_time_to_transmit_Wakeup,"ax",%progbits
 100              		.align	2
 101              		.global	count_time_to_transmit_Wakeup
ARM GAS  C:\Users\Walaa\AppData\Local\Temp\ccY1CNsa.s 			page 5


 102              		.thumb
 103              		.thumb_func
 104              		.type	count_time_to_transmit_Wakeup, %function
 105              	count_time_to_transmit_Wakeup:
 106              	.LFB3:
 128:Generated_Source\PSoC5/count_time_to_transmit_PM.c ****     count_time_to_transmit_SaveConfig();
 129:Generated_Source\PSoC5/count_time_to_transmit_PM.c **** }
 130:Generated_Source\PSoC5/count_time_to_transmit_PM.c **** 
 131:Generated_Source\PSoC5/count_time_to_transmit_PM.c **** 
 132:Generated_Source\PSoC5/count_time_to_transmit_PM.c **** /*******************************************************************************
 133:Generated_Source\PSoC5/count_time_to_transmit_PM.c **** * Function Name: count_time_to_transmit_Wakeup
 134:Generated_Source\PSoC5/count_time_to_transmit_PM.c **** ********************************************************************************
 135:Generated_Source\PSoC5/count_time_to_transmit_PM.c **** *
 136:Generated_Source\PSoC5/count_time_to_transmit_PM.c **** * Summary:
 137:Generated_Source\PSoC5/count_time_to_transmit_PM.c **** *  Restores and enables the user configuration
 138:Generated_Source\PSoC5/count_time_to_transmit_PM.c **** *  
 139:Generated_Source\PSoC5/count_time_to_transmit_PM.c **** * Parameters:  
 140:Generated_Source\PSoC5/count_time_to_transmit_PM.c **** *  void
 141:Generated_Source\PSoC5/count_time_to_transmit_PM.c **** *
 142:Generated_Source\PSoC5/count_time_to_transmit_PM.c **** * Return: 
 143:Generated_Source\PSoC5/count_time_to_transmit_PM.c **** *  void
 144:Generated_Source\PSoC5/count_time_to_transmit_PM.c **** *
 145:Generated_Source\PSoC5/count_time_to_transmit_PM.c **** * Global variables:
 146:Generated_Source\PSoC5/count_time_to_transmit_PM.c **** *  count_time_to_transmit_backup.enableState:  Is used to restore the enable state of 
 147:Generated_Source\PSoC5/count_time_to_transmit_PM.c **** *  block on wakeup from sleep mode.
 148:Generated_Source\PSoC5/count_time_to_transmit_PM.c **** *
 149:Generated_Source\PSoC5/count_time_to_transmit_PM.c **** *******************************************************************************/
 150:Generated_Source\PSoC5/count_time_to_transmit_PM.c **** void count_time_to_transmit_Wakeup(void) 
 151:Generated_Source\PSoC5/count_time_to_transmit_PM.c **** {
 107              		.loc 1 151 0
 108              		.cfi_startproc
 109              		@ args = 0, pretend = 0, frame = 0
 110              		@ frame_needed = 0, uses_anonymous_args = 0
 111 0000 08B5     		push	{r3, lr}
 112              		.cfi_def_cfa_offset 8
 113              		.cfi_offset 3, -8
 114              		.cfi_offset 14, -4
 152:Generated_Source\PSoC5/count_time_to_transmit_PM.c ****     count_time_to_transmit_RestoreConfig();
 153:Generated_Source\PSoC5/count_time_to_transmit_PM.c ****     #if(!count_time_to_transmit_ControlRegRemoved)
 154:Generated_Source\PSoC5/count_time_to_transmit_PM.c ****         if(count_time_to_transmit_backup.CounterEnableState == 1u)
 115              		.loc 1 154 0
 116 0002 034B     		ldr	r3, .L12
 117 0004 1B78     		ldrb	r3, [r3]	@ zero_extendqisi2
 118 0006 012B     		cmp	r3, #1
 119 0008 01D1     		bne	.L9
 155:Generated_Source\PSoC5/count_time_to_transmit_PM.c ****         {
 156:Generated_Source\PSoC5/count_time_to_transmit_PM.c ****             /* Enable Counter's operation */
 157:Generated_Source\PSoC5/count_time_to_transmit_PM.c ****             count_time_to_transmit_Enable();
 120              		.loc 1 157 0
 121 000a FFF7FEFF 		bl	count_time_to_transmit_Enable
 122              	.LVL1:
 123              	.L9:
 124 000e 08BD     		pop	{r3, pc}
 125              	.L13:
 126              		.align	2
 127              	.L12:
 128 0010 00000000 		.word	.LANCHOR0
ARM GAS  C:\Users\Walaa\AppData\Local\Temp\ccY1CNsa.s 			page 6


 129              		.cfi_endproc
 130              	.LFE3:
 131              		.size	count_time_to_transmit_Wakeup, .-count_time_to_transmit_Wakeup
 132              		.bss
 133              		.align	2
 134              		.set	.LANCHOR0,. + 0
 135              		.type	count_time_to_transmit_backup, %object
 136              		.size	count_time_to_transmit_backup, 6
 137              	count_time_to_transmit_backup:
 138 0000 00000000 		.space	6
 138      0000
 139              		.text
 140              	.Letext0:
 141              		.file 2 "Generated_Source\\PSoC5\\cytypes.h"
 142              		.file 3 "Generated_Source\\PSoC5\\count_time_to_transmit.h"
 143              		.section	.debug_info,"",%progbits
 144              	.Ldebug_info0:
 145 0000 73010000 		.4byte	0x173
 146 0004 0400     		.2byte	0x4
 147 0006 00000000 		.4byte	.Ldebug_abbrev0
 148 000a 04       		.byte	0x4
 149 000b 01       		.uleb128 0x1
 150 000c 00010000 		.4byte	.LASF27
 151 0010 0C       		.byte	0xc
 152 0011 97000000 		.4byte	.LASF28
 153 0015 1E000000 		.4byte	.LASF29
 154 0019 00000000 		.4byte	.Ldebug_ranges0+0
 155 001d 00000000 		.4byte	0
 156 0021 00000000 		.4byte	.Ldebug_line0
 157 0025 02       		.uleb128 0x2
 158 0026 01       		.byte	0x1
 159 0027 06       		.byte	0x6
 160 0028 D0020000 		.4byte	.LASF0
 161 002c 02       		.uleb128 0x2
 162 002d 01       		.byte	0x1
 163 002e 08       		.byte	0x8
 164 002f F2000000 		.4byte	.LASF1
 165 0033 02       		.uleb128 0x2
 166 0034 02       		.byte	0x2
 167 0035 05       		.byte	0x5
 168 0036 8D020000 		.4byte	.LASF2
 169 003a 02       		.uleb128 0x2
 170 003b 02       		.byte	0x2
 171 003c 07       		.byte	0x7
 172 003d 84000000 		.4byte	.LASF3
 173 0041 02       		.uleb128 0x2
 174 0042 04       		.byte	0x4
 175 0043 05       		.byte	0x5
 176 0044 BB020000 		.4byte	.LASF4
 177 0048 02       		.uleb128 0x2
 178 0049 04       		.byte	0x4
 179 004a 07       		.byte	0x7
 180 004b 93010000 		.4byte	.LASF5
 181 004f 02       		.uleb128 0x2
 182 0050 08       		.byte	0x8
 183 0051 05       		.byte	0x5
 184 0052 58020000 		.4byte	.LASF6
ARM GAS  C:\Users\Walaa\AppData\Local\Temp\ccY1CNsa.s 			page 7


 185 0056 02       		.uleb128 0x2
 186 0057 08       		.byte	0x8
 187 0058 07       		.byte	0x7
 188 0059 07020000 		.4byte	.LASF7
 189 005d 03       		.uleb128 0x3
 190 005e 04       		.byte	0x4
 191 005f 05       		.byte	0x5
 192 0060 696E7400 		.ascii	"int\000"
 193 0064 02       		.uleb128 0x2
 194 0065 04       		.byte	0x4
 195 0066 07       		.byte	0x7
 196 0067 FA010000 		.4byte	.LASF8
 197 006b 04       		.uleb128 0x4
 198 006c C1010000 		.4byte	.LASF9
 199 0070 02       		.byte	0x2
 200 0071 E401     		.2byte	0x1e4
 201 0073 2C000000 		.4byte	0x2c
 202 0077 04       		.uleb128 0x4
 203 0078 CE010000 		.4byte	.LASF10
 204 007c 02       		.byte	0x2
 205 007d E501     		.2byte	0x1e5
 206 007f 3A000000 		.4byte	0x3a
 207 0083 02       		.uleb128 0x2
 208 0084 04       		.byte	0x4
 209 0085 04       		.byte	0x4
 210 0086 EC000000 		.4byte	.LASF11
 211 008a 02       		.uleb128 0x2
 212 008b 08       		.byte	0x8
 213 008c 04       		.byte	0x4
 214 008d C7010000 		.4byte	.LASF12
 215 0091 02       		.uleb128 0x2
 216 0092 01       		.byte	0x1
 217 0093 08       		.byte	0x8
 218 0094 66020000 		.4byte	.LASF13
 219 0098 04       		.uleb128 0x4
 220 0099 8E010000 		.4byte	.LASF14
 221 009d 02       		.byte	0x2
 222 009e 8E02     		.2byte	0x28e
 223 00a0 A4000000 		.4byte	0xa4
 224 00a4 05       		.uleb128 0x5
 225 00a5 6B000000 		.4byte	0x6b
 226 00a9 02       		.uleb128 0x2
 227 00aa 08       		.byte	0x8
 228 00ab 04       		.byte	0x4
 229 00ac C4020000 		.4byte	.LASF15
 230 00b0 02       		.uleb128 0x2
 231 00b1 04       		.byte	0x4
 232 00b2 07       		.byte	0x7
 233 00b3 3C020000 		.4byte	.LASF16
 234 00b7 06       		.uleb128 0x6
 235 00b8 06       		.byte	0x6
 236 00b9 03       		.byte	0x3
 237 00ba 40       		.byte	0x40
 238 00bb E4000000 		.4byte	0xe4
 239 00bf 07       		.uleb128 0x7
 240 00c0 45020000 		.4byte	.LASF17
 241 00c4 03       		.byte	0x3
ARM GAS  C:\Users\Walaa\AppData\Local\Temp\ccY1CNsa.s 			page 8


 242 00c5 42       		.byte	0x42
 243 00c6 6B000000 		.4byte	0x6b
 244 00ca 00       		.byte	0
 245 00cb 07       		.uleb128 0x7
 246 00cc CA000000 		.4byte	.LASF18
 247 00d0 03       		.byte	0x3
 248 00d1 43       		.byte	0x43
 249 00d2 77000000 		.4byte	0x77
 250 00d6 02       		.byte	0x2
 251 00d7 07       		.uleb128 0x7
 252 00d8 D5000000 		.4byte	.LASF19
 253 00dc 03       		.byte	0x3
 254 00dd 46       		.byte	0x46
 255 00de 6B000000 		.4byte	0x6b
 256 00e2 04       		.byte	0x4
 257 00e3 00       		.byte	0
 258 00e4 08       		.uleb128 0x8
 259 00e5 97020000 		.4byte	.LASF20
 260 00e9 03       		.byte	0x3
 261 00ea 49       		.byte	0x49
 262 00eb B7000000 		.4byte	0xb7
 263 00ef 09       		.uleb128 0x9
 264 00f0 6B020000 		.4byte	.LASF21
 265 00f4 01       		.byte	0x1
 266 00f5 2A       		.byte	0x2a
 267 00f6 00000000 		.4byte	.LFB0
 268 00fa 02000000 		.4byte	.LFE0-.LFB0
 269 00fe 01       		.uleb128 0x1
 270 00ff 9C       		.byte	0x9c
 271 0100 09       		.uleb128 0x9
 272 0101 D5010000 		.4byte	.LASF22
 273 0105 01       		.byte	0x1
 274 0106 4A       		.byte	0x4a
 275 0107 00000000 		.4byte	.LFB1
 276 010b 02000000 		.4byte	.LFE1-.LFB1
 277 010f 01       		.uleb128 0x1
 278 0110 9C       		.byte	0x9c
 279 0111 0A       		.uleb128 0xa
 280 0112 67000000 		.4byte	.LASF23
 281 0116 01       		.byte	0x1
 282 0117 69       		.byte	0x69
 283 0118 00000000 		.4byte	.LFB2
 284 011c 28000000 		.4byte	.LFE2-.LFB2
 285 0120 01       		.uleb128 0x1
 286 0121 9C       		.byte	0x9c
 287 0122 30010000 		.4byte	0x130
 288 0126 0B       		.uleb128 0xb
 289 0127 1E000000 		.4byte	.LVL0
 290 012b 60010000 		.4byte	0x160
 291 012f 00       		.byte	0
 292 0130 0A       		.uleb128 0xa
 293 0131 00000000 		.4byte	.LASF24
 294 0135 01       		.byte	0x1
 295 0136 96       		.byte	0x96
 296 0137 00000000 		.4byte	.LFB3
 297 013b 14000000 		.4byte	.LFE3-.LFB3
 298 013f 01       		.uleb128 0x1
ARM GAS  C:\Users\Walaa\AppData\Local\Temp\ccY1CNsa.s 			page 9


 299 0140 9C       		.byte	0x9c
 300 0141 4F010000 		.4byte	0x14f
 301 0145 0B       		.uleb128 0xb
 302 0146 0E000000 		.4byte	.LVL1
 303 014a 6B010000 		.4byte	0x16b
 304 014e 00       		.byte	0
 305 014f 0C       		.uleb128 0xc
 306 0150 DC020000 		.4byte	.LASF30
 307 0154 01       		.byte	0x1
 308 0155 15       		.byte	0x15
 309 0156 E4000000 		.4byte	0xe4
 310 015a 05       		.uleb128 0x5
 311 015b 03       		.byte	0x3
 312 015c 00000000 		.4byte	count_time_to_transmit_backup
 313 0160 0D       		.uleb128 0xd
 314 0161 A5010000 		.4byte	.LASF25
 315 0165 A5010000 		.4byte	.LASF25
 316 0169 03       		.byte	0x3
 317 016a 50       		.byte	0x50
 318 016b 0D       		.uleb128 0xd
 319 016c 1E020000 		.4byte	.LASF26
 320 0170 1E020000 		.4byte	.LASF26
 321 0174 03       		.byte	0x3
 322 0175 71       		.byte	0x71
 323 0176 00       		.byte	0
 324              		.section	.debug_abbrev,"",%progbits
 325              	.Ldebug_abbrev0:
 326 0000 01       		.uleb128 0x1
 327 0001 11       		.uleb128 0x11
 328 0002 01       		.byte	0x1
 329 0003 25       		.uleb128 0x25
 330 0004 0E       		.uleb128 0xe
 331 0005 13       		.uleb128 0x13
 332 0006 0B       		.uleb128 0xb
 333 0007 03       		.uleb128 0x3
 334 0008 0E       		.uleb128 0xe
 335 0009 1B       		.uleb128 0x1b
 336 000a 0E       		.uleb128 0xe
 337 000b 55       		.uleb128 0x55
 338 000c 17       		.uleb128 0x17
 339 000d 11       		.uleb128 0x11
 340 000e 01       		.uleb128 0x1
 341 000f 10       		.uleb128 0x10
 342 0010 17       		.uleb128 0x17
 343 0011 00       		.byte	0
 344 0012 00       		.byte	0
 345 0013 02       		.uleb128 0x2
 346 0014 24       		.uleb128 0x24
 347 0015 00       		.byte	0
 348 0016 0B       		.uleb128 0xb
 349 0017 0B       		.uleb128 0xb
 350 0018 3E       		.uleb128 0x3e
 351 0019 0B       		.uleb128 0xb
 352 001a 03       		.uleb128 0x3
 353 001b 0E       		.uleb128 0xe
 354 001c 00       		.byte	0
 355 001d 00       		.byte	0
ARM GAS  C:\Users\Walaa\AppData\Local\Temp\ccY1CNsa.s 			page 10


 356 001e 03       		.uleb128 0x3
 357 001f 24       		.uleb128 0x24
 358 0020 00       		.byte	0
 359 0021 0B       		.uleb128 0xb
 360 0022 0B       		.uleb128 0xb
 361 0023 3E       		.uleb128 0x3e
 362 0024 0B       		.uleb128 0xb
 363 0025 03       		.uleb128 0x3
 364 0026 08       		.uleb128 0x8
 365 0027 00       		.byte	0
 366 0028 00       		.byte	0
 367 0029 04       		.uleb128 0x4
 368 002a 16       		.uleb128 0x16
 369 002b 00       		.byte	0
 370 002c 03       		.uleb128 0x3
 371 002d 0E       		.uleb128 0xe
 372 002e 3A       		.uleb128 0x3a
 373 002f 0B       		.uleb128 0xb
 374 0030 3B       		.uleb128 0x3b
 375 0031 05       		.uleb128 0x5
 376 0032 49       		.uleb128 0x49
 377 0033 13       		.uleb128 0x13
 378 0034 00       		.byte	0
 379 0035 00       		.byte	0
 380 0036 05       		.uleb128 0x5
 381 0037 35       		.uleb128 0x35
 382 0038 00       		.byte	0
 383 0039 49       		.uleb128 0x49
 384 003a 13       		.uleb128 0x13
 385 003b 00       		.byte	0
 386 003c 00       		.byte	0
 387 003d 06       		.uleb128 0x6
 388 003e 13       		.uleb128 0x13
 389 003f 01       		.byte	0x1
 390 0040 0B       		.uleb128 0xb
 391 0041 0B       		.uleb128 0xb
 392 0042 3A       		.uleb128 0x3a
 393 0043 0B       		.uleb128 0xb
 394 0044 3B       		.uleb128 0x3b
 395 0045 0B       		.uleb128 0xb
 396 0046 01       		.uleb128 0x1
 397 0047 13       		.uleb128 0x13
 398 0048 00       		.byte	0
 399 0049 00       		.byte	0
 400 004a 07       		.uleb128 0x7
 401 004b 0D       		.uleb128 0xd
 402 004c 00       		.byte	0
 403 004d 03       		.uleb128 0x3
 404 004e 0E       		.uleb128 0xe
 405 004f 3A       		.uleb128 0x3a
 406 0050 0B       		.uleb128 0xb
 407 0051 3B       		.uleb128 0x3b
 408 0052 0B       		.uleb128 0xb
 409 0053 49       		.uleb128 0x49
 410 0054 13       		.uleb128 0x13
 411 0055 38       		.uleb128 0x38
 412 0056 0B       		.uleb128 0xb
ARM GAS  C:\Users\Walaa\AppData\Local\Temp\ccY1CNsa.s 			page 11


 413 0057 00       		.byte	0
 414 0058 00       		.byte	0
 415 0059 08       		.uleb128 0x8
 416 005a 16       		.uleb128 0x16
 417 005b 00       		.byte	0
 418 005c 03       		.uleb128 0x3
 419 005d 0E       		.uleb128 0xe
 420 005e 3A       		.uleb128 0x3a
 421 005f 0B       		.uleb128 0xb
 422 0060 3B       		.uleb128 0x3b
 423 0061 0B       		.uleb128 0xb
 424 0062 49       		.uleb128 0x49
 425 0063 13       		.uleb128 0x13
 426 0064 00       		.byte	0
 427 0065 00       		.byte	0
 428 0066 09       		.uleb128 0x9
 429 0067 2E       		.uleb128 0x2e
 430 0068 00       		.byte	0
 431 0069 3F       		.uleb128 0x3f
 432 006a 19       		.uleb128 0x19
 433 006b 03       		.uleb128 0x3
 434 006c 0E       		.uleb128 0xe
 435 006d 3A       		.uleb128 0x3a
 436 006e 0B       		.uleb128 0xb
 437 006f 3B       		.uleb128 0x3b
 438 0070 0B       		.uleb128 0xb
 439 0071 27       		.uleb128 0x27
 440 0072 19       		.uleb128 0x19
 441 0073 11       		.uleb128 0x11
 442 0074 01       		.uleb128 0x1
 443 0075 12       		.uleb128 0x12
 444 0076 06       		.uleb128 0x6
 445 0077 40       		.uleb128 0x40
 446 0078 18       		.uleb128 0x18
 447 0079 9742     		.uleb128 0x2117
 448 007b 19       		.uleb128 0x19
 449 007c 00       		.byte	0
 450 007d 00       		.byte	0
 451 007e 0A       		.uleb128 0xa
 452 007f 2E       		.uleb128 0x2e
 453 0080 01       		.byte	0x1
 454 0081 3F       		.uleb128 0x3f
 455 0082 19       		.uleb128 0x19
 456 0083 03       		.uleb128 0x3
 457 0084 0E       		.uleb128 0xe
 458 0085 3A       		.uleb128 0x3a
 459 0086 0B       		.uleb128 0xb
 460 0087 3B       		.uleb128 0x3b
 461 0088 0B       		.uleb128 0xb
 462 0089 27       		.uleb128 0x27
 463 008a 19       		.uleb128 0x19
 464 008b 11       		.uleb128 0x11
 465 008c 01       		.uleb128 0x1
 466 008d 12       		.uleb128 0x12
 467 008e 06       		.uleb128 0x6
 468 008f 40       		.uleb128 0x40
 469 0090 18       		.uleb128 0x18
ARM GAS  C:\Users\Walaa\AppData\Local\Temp\ccY1CNsa.s 			page 12


 470 0091 9742     		.uleb128 0x2117
 471 0093 19       		.uleb128 0x19
 472 0094 01       		.uleb128 0x1
 473 0095 13       		.uleb128 0x13
 474 0096 00       		.byte	0
 475 0097 00       		.byte	0
 476 0098 0B       		.uleb128 0xb
 477 0099 898201   		.uleb128 0x4109
 478 009c 00       		.byte	0
 479 009d 11       		.uleb128 0x11
 480 009e 01       		.uleb128 0x1
 481 009f 31       		.uleb128 0x31
 482 00a0 13       		.uleb128 0x13
 483 00a1 00       		.byte	0
 484 00a2 00       		.byte	0
 485 00a3 0C       		.uleb128 0xc
 486 00a4 34       		.uleb128 0x34
 487 00a5 00       		.byte	0
 488 00a6 03       		.uleb128 0x3
 489 00a7 0E       		.uleb128 0xe
 490 00a8 3A       		.uleb128 0x3a
 491 00a9 0B       		.uleb128 0xb
 492 00aa 3B       		.uleb128 0x3b
 493 00ab 0B       		.uleb128 0xb
 494 00ac 49       		.uleb128 0x49
 495 00ad 13       		.uleb128 0x13
 496 00ae 02       		.uleb128 0x2
 497 00af 18       		.uleb128 0x18
 498 00b0 00       		.byte	0
 499 00b1 00       		.byte	0
 500 00b2 0D       		.uleb128 0xd
 501 00b3 2E       		.uleb128 0x2e
 502 00b4 00       		.byte	0
 503 00b5 3F       		.uleb128 0x3f
 504 00b6 19       		.uleb128 0x19
 505 00b7 3C       		.uleb128 0x3c
 506 00b8 19       		.uleb128 0x19
 507 00b9 6E       		.uleb128 0x6e
 508 00ba 0E       		.uleb128 0xe
 509 00bb 03       		.uleb128 0x3
 510 00bc 0E       		.uleb128 0xe
 511 00bd 3A       		.uleb128 0x3a
 512 00be 0B       		.uleb128 0xb
 513 00bf 3B       		.uleb128 0x3b
 514 00c0 0B       		.uleb128 0xb
 515 00c1 00       		.byte	0
 516 00c2 00       		.byte	0
 517 00c3 00       		.byte	0
 518              		.section	.debug_aranges,"",%progbits
 519 0000 34000000 		.4byte	0x34
 520 0004 0200     		.2byte	0x2
 521 0006 00000000 		.4byte	.Ldebug_info0
 522 000a 04       		.byte	0x4
 523 000b 00       		.byte	0
 524 000c 0000     		.2byte	0
 525 000e 0000     		.2byte	0
 526 0010 00000000 		.4byte	.LFB0
ARM GAS  C:\Users\Walaa\AppData\Local\Temp\ccY1CNsa.s 			page 13


 527 0014 02000000 		.4byte	.LFE0-.LFB0
 528 0018 00000000 		.4byte	.LFB1
 529 001c 02000000 		.4byte	.LFE1-.LFB1
 530 0020 00000000 		.4byte	.LFB2
 531 0024 28000000 		.4byte	.LFE2-.LFB2
 532 0028 00000000 		.4byte	.LFB3
 533 002c 14000000 		.4byte	.LFE3-.LFB3
 534 0030 00000000 		.4byte	0
 535 0034 00000000 		.4byte	0
 536              		.section	.debug_ranges,"",%progbits
 537              	.Ldebug_ranges0:
 538 0000 00000000 		.4byte	.LFB0
 539 0004 02000000 		.4byte	.LFE0
 540 0008 00000000 		.4byte	.LFB1
 541 000c 02000000 		.4byte	.LFE1
 542 0010 00000000 		.4byte	.LFB2
 543 0014 28000000 		.4byte	.LFE2
 544 0018 00000000 		.4byte	.LFB3
 545 001c 14000000 		.4byte	.LFE3
 546 0020 00000000 		.4byte	0
 547 0024 00000000 		.4byte	0
 548              		.section	.debug_line,"",%progbits
 549              	.Ldebug_line0:
 550 0000 C0000000 		.section	.debug_str,"MS",%progbits,1
 550      02007200 
 550      00000201 
 550      FB0E0D00 
 550      01010101 
 551              	.LASF24:
 552 0000 636F756E 		.ascii	"count_time_to_transmit_Wakeup\000"
 552      745F7469 
 552      6D655F74 
 552      6F5F7472 
 552      616E736D 
 553              	.LASF29:
 554 001e 433A5C55 		.ascii	"C:\\Users\\Walaa\\Documents\\PSoC Creator\\unicon_w"
 554      73657273 
 554      5C57616C 
 554      61615C44 
 554      6F63756D 
 555 004c 6F726B73 		.ascii	"orkspace\\PSoC_Unicon.cydsn\000"
 555      70616365 
 555      5C50536F 
 555      435F556E 
 555      69636F6E 
 556              	.LASF23:
 557 0067 636F756E 		.ascii	"count_time_to_transmit_Sleep\000"
 557      745F7469 
 557      6D655F74 
 557      6F5F7472 
 557      616E736D 
 558              	.LASF3:
 559 0084 73686F72 		.ascii	"short unsigned int\000"
 559      7420756E 
 559      7369676E 
 559      65642069 
 559      6E7400
ARM GAS  C:\Users\Walaa\AppData\Local\Temp\ccY1CNsa.s 			page 14


 560              	.LASF28:
 561 0097 47656E65 		.ascii	"Generated_Source\\PSoC5\\count_time_to_transmit_PM."
 561      72617465 
 561      645F536F 
 561      75726365 
 561      5C50536F 
 562 00c8 6300     		.ascii	"c\000"
 563              	.LASF18:
 564 00ca 436F756E 		.ascii	"CounterUdb\000"
 564      74657255 
 564      646200
 565              	.LASF19:
 566 00d5 436F756E 		.ascii	"CounterControlRegister\000"
 566      74657243 
 566      6F6E7472 
 566      6F6C5265 
 566      67697374 
 567              	.LASF11:
 568 00ec 666C6F61 		.ascii	"float\000"
 568      7400
 569              	.LASF1:
 570 00f2 756E7369 		.ascii	"unsigned char\000"
 570      676E6564 
 570      20636861 
 570      7200
 571              	.LASF27:
 572 0100 474E5520 		.ascii	"GNU C11 5.4.1 20160609 (release) [ARM/embedded-5-br"
 572      43313120 
 572      352E342E 
 572      31203230 
 572      31363036 
 573 0133 616E6368 		.ascii	"anch revision 237715] -mcpu=cortex-m3 -mthumb -g -O"
 573      20726576 
 573      6973696F 
 573      6E203233 
 573      37373135 
 574 0166 67202D66 		.ascii	"g -ffunction-sections -ffat-lto-objects\000"
 574      66756E63 
 574      74696F6E 
 574      2D736563 
 574      74696F6E 
 575              	.LASF14:
 576 018e 72656738 		.ascii	"reg8\000"
 576      00
 577              	.LASF5:
 578 0193 6C6F6E67 		.ascii	"long unsigned int\000"
 578      20756E73 
 578      69676E65 
 578      6420696E 
 578      7400
 579              	.LASF25:
 580 01a5 636F756E 		.ascii	"count_time_to_transmit_Stop\000"
 580      745F7469 
 580      6D655F74 
 580      6F5F7472 
 580      616E736D 
 581              	.LASF9:
ARM GAS  C:\Users\Walaa\AppData\Local\Temp\ccY1CNsa.s 			page 15


 582 01c1 75696E74 		.ascii	"uint8\000"
 582      3800
 583              	.LASF12:
 584 01c7 646F7562 		.ascii	"double\000"
 584      6C6500
 585              	.LASF10:
 586 01ce 75696E74 		.ascii	"uint16\000"
 586      313600
 587              	.LASF22:
 588 01d5 636F756E 		.ascii	"count_time_to_transmit_RestoreConfig\000"
 588      745F7469 
 588      6D655F74 
 588      6F5F7472 
 588      616E736D 
 589              	.LASF8:
 590 01fa 756E7369 		.ascii	"unsigned int\000"
 590      676E6564 
 590      20696E74 
 590      00
 591              	.LASF7:
 592 0207 6C6F6E67 		.ascii	"long long unsigned int\000"
 592      206C6F6E 
 592      6720756E 
 592      7369676E 
 592      65642069 
 593              	.LASF26:
 594 021e 636F756E 		.ascii	"count_time_to_transmit_Enable\000"
 594      745F7469 
 594      6D655F74 
 594      6F5F7472 
 594      616E736D 
 595              	.LASF16:
 596 023c 73697A65 		.ascii	"sizetype\000"
 596      74797065 
 596      00
 597              	.LASF17:
 598 0245 436F756E 		.ascii	"CounterEnableState\000"
 598      74657245 
 598      6E61626C 
 598      65537461 
 598      746500
 599              	.LASF6:
 600 0258 6C6F6E67 		.ascii	"long long int\000"
 600      206C6F6E 
 600      6720696E 
 600      7400
 601              	.LASF13:
 602 0266 63686172 		.ascii	"char\000"
 602      00
 603              	.LASF21:
 604 026b 636F756E 		.ascii	"count_time_to_transmit_SaveConfig\000"
 604      745F7469 
 604      6D655F74 
 604      6F5F7472 
 604      616E736D 
 605              	.LASF2:
 606 028d 73686F72 		.ascii	"short int\000"
ARM GAS  C:\Users\Walaa\AppData\Local\Temp\ccY1CNsa.s 			page 16


 606      7420696E 
 606      7400
 607              	.LASF20:
 608 0297 636F756E 		.ascii	"count_time_to_transmit_backupStruct\000"
 608      745F7469 
 608      6D655F74 
 608      6F5F7472 
 608      616E736D 
 609              	.LASF4:
 610 02bb 6C6F6E67 		.ascii	"long int\000"
 610      20696E74 
 610      00
 611              	.LASF15:
 612 02c4 6C6F6E67 		.ascii	"long double\000"
 612      20646F75 
 612      626C6500 
 613              	.LASF0:
 614 02d0 7369676E 		.ascii	"signed char\000"
 614      65642063 
 614      68617200 
 615              	.LASF30:
 616 02dc 636F756E 		.ascii	"count_time_to_transmit_backup\000"
 616      745F7469 
 616      6D655F74 
 616      6F5F7472 
 616      616E736D 
 617              		.ident	"GCC: (GNU Tools for ARM Embedded Processors) 5.4.1 20160609 (release) [ARM/embedded-5-bran
