ARM GAS  C:\Users\Walaa\AppData\Local\Temp\cc5bwU6P.s 			page 1


   1              		.syntax unified
   2              		.cpu cortex-m3
   3              		.fpu softvfp
   4              		.eabi_attribute 20, 1
   5              		.eabi_attribute 21, 1
   6              		.eabi_attribute 23, 3
   7              		.eabi_attribute 24, 1
   8              		.eabi_attribute 25, 1
   9              		.eabi_attribute 26, 1
  10              		.eabi_attribute 30, 1
  11              		.eabi_attribute 34, 1
  12              		.eabi_attribute 18, 4
  13              		.thumb
  14              		.syntax unified
  15              		.file	"cymetadata.c"
  16              		.text
  17              	.Ltext0:
  18              		.cfi_sections	.debug_frame
  19              		.global	cy_metadata
  20              		.global	cy_meta_flashprotect
  21              		.global	cy_meta_wonvl
  22              		.global	cy_meta_custnvl
  23              		.global	cy_meta_configecc
  24              		.section	.cyconfigecc,"a",%progbits
  25              		.align	2
  26              		.type	cy_meta_configecc, %object
  27              		.size	cy_meta_configecc, 2392
  28              	cy_meta_configecc:
  29 0000 06       		.byte	6
  30 0001 4F       		.byte	79
  31 0002 00       		.byte	0
  32 0003 40       		.byte	64
  33 0004 03       		.byte	3
  34 0005 52       		.byte	82
  35 0006 00       		.byte	0
  36 0007 40       		.byte	64
  37 0008 02       		.byte	2
  38 0009 64       		.byte	100
  39 000a 00       		.byte	0
  40 000b 40       		.byte	64
  41 000c 03       		.byte	3
  42 000d 65       		.byte	101
  43 000e 00       		.byte	0
  44 000f 40       		.byte	64
  45 0010 62       		.byte	98
  46 0011 00       		.byte	0
  47 0012 01       		.byte	1
  48 0013 40       		.byte	64
  49 0014 34       		.byte	52
  50 0015 01       		.byte	1
  51 0016 01       		.byte	1
  52 0017 40       		.byte	64
  53 0018 4C       		.byte	76
  54 0019 02       		.byte	2
  55 001a 01       		.byte	1
  56 001b 40       		.byte	64
  57 001c 41       		.byte	65
ARM GAS  C:\Users\Walaa\AppData\Local\Temp\cc5bwU6P.s 			page 2


  58 001d 03       		.byte	3
  59 001e 01       		.byte	1
  60 001f 40       		.byte	64
  61 0020 5A       		.byte	90
  62 0021 04       		.byte	4
  63 0022 01       		.byte	1
  64 0023 40       		.byte	64
  65 0024 31       		.byte	49
  66 0025 05       		.byte	5
  67 0026 01       		.byte	1
  68 0027 40       		.byte	64
  69 0028 5F       		.byte	95
  70 0029 06       		.byte	6
  71 002a 01       		.byte	1
  72 002b 40       		.byte	64
  73 002c 43       		.byte	67
  74 002d 07       		.byte	7
  75 002e 01       		.byte	1
  76 002f 40       		.byte	64
  77 0030 03       		.byte	3
  78 0031 08       		.byte	8
  79 0032 01       		.byte	1
  80 0033 40       		.byte	64
  81 0034 05       		.byte	5
  82 0035 09       		.byte	9
  83 0036 01       		.byte	1
  84 0037 40       		.byte	64
  85 0038 01       		.byte	1
  86 0039 0B       		.byte	11
  87 003a 01       		.byte	1
  88 003b 40       		.byte	64
  89 003c 02       		.byte	2
  90 003d 0D       		.byte	13
  91 003e 01       		.byte	1
  92 003f 40       		.byte	64
  93 0040 1E       		.byte	30
  94 0041 14       		.byte	20
  95 0042 01       		.byte	1
  96 0043 40       		.byte	64
  97 0044 49       		.byte	73
  98 0045 15       		.byte	21
  99 0046 01       		.byte	1
 100 0047 40       		.byte	64
 101 0048 19       		.byte	25
 102 0049 16       		.byte	22
 103 004a 01       		.byte	1
 104 004b 40       		.byte	64
 105 004c 41       		.byte	65
 106 004d 17       		.byte	23
 107 004e 01       		.byte	1
 108 004f 40       		.byte	64
 109 0050 3B       		.byte	59
 110 0051 18       		.byte	24
 111 0052 01       		.byte	1
 112 0053 40       		.byte	64
 113 0054 1D       		.byte	29
 114 0055 19       		.byte	25
ARM GAS  C:\Users\Walaa\AppData\Local\Temp\cc5bwU6P.s 			page 3


 115 0056 01       		.byte	1
 116 0057 40       		.byte	64
 117 0058 04       		.byte	4
 118 0059 1A       		.byte	26
 119 005a 01       		.byte	1
 120 005b 40       		.byte	64
 121 005c 03       		.byte	3
 122 005d 1B       		.byte	27
 123 005e 01       		.byte	1
 124 005f 40       		.byte	64
 125 0060 04       		.byte	4
 126 0061 40       		.byte	64
 127 0062 01       		.byte	1
 128 0063 40       		.byte	64
 129 0064 0E       		.byte	14
 130 0065 41       		.byte	65
 131 0066 01       		.byte	1
 132 0067 40       		.byte	64
 133 0068 15       		.byte	21
 134 0069 42       		.byte	66
 135 006a 01       		.byte	1
 136 006b 40       		.byte	64
 137 006c 0F       		.byte	15
 138 006d 43       		.byte	67
 139 006e 01       		.byte	1
 140 006f 40       		.byte	64
 141 0070 04       		.byte	4
 142 0071 48       		.byte	72
 143 0072 01       		.byte	1
 144 0073 40       		.byte	64
 145 0074 09       		.byte	9
 146 0075 49       		.byte	73
 147 0076 01       		.byte	1
 148 0077 40       		.byte	64
 149 0078 09       		.byte	9
 150 0079 50       		.byte	80
 151 007a 01       		.byte	1
 152 007b 40       		.byte	64
 153 007c 02       		.byte	2
 154 007d 51       		.byte	81
 155 007e 01       		.byte	1
 156 007f 40       		.byte	64
 157 0080 01       		.byte	1
 158 0081 80       		.byte	-128
 159 0082 0A       		.byte	10
 160 0083 4B       		.byte	75
 161 0084 0D       		.byte	13
 162 0085 10       		.byte	16
 163 0086 16       		.byte	22
 164 0087 63       		.byte	99
 165 0088 19       		.byte	25
 166 0089 80       		.byte	-128
 167 008a 22       		.byte	34
 168 008b 27       		.byte	39
 169 008c 02       		.byte	2
 170 008d 01       		.byte	1
 171 008e 18       		.byte	24
ARM GAS  C:\Users\Walaa\AppData\Local\Temp\cc5bwU6P.s 			page 4


 172 008f 40       		.byte	64
 173 0090 1C       		.byte	28
 174 0091 80       		.byte	-128
 175 0092 82       		.byte	-126
 176 0093 0F       		.byte	15
 177 0094 87       		.byte	-121
 178 0095 01       		.byte	1
 179 0096 85       		.byte	-123
 180 0097 38       		.byte	56
 181 0098 86       		.byte	-122
 182 0099 72       		.byte	114
 183 009a 89       		.byte	-119
 184 009b 01       		.byte	1
 185 009c 04       		.byte	4
 186 009d 02       		.byte	2
 187 009e 0E       		.byte	14
 188 009f 0F       		.byte	15
 189 00a0 17       		.byte	23
 190 00a1 01       		.byte	1
 191 00a2 18       		.byte	24
 192 00a3 01       		.byte	1
 193 00a4 1A       		.byte	26
 194 00a5 06       		.byte	6
 195 00a6 1C       		.byte	28
 196 00a7 01       		.byte	1
 197 00a8 29       		.byte	41
 198 00a9 01       		.byte	1
 199 00aa 32       		.byte	50
 200 00ab 04       		.byte	4
 201 00ac 33       		.byte	51
 202 00ad 01       		.byte	1
 203 00ae 34       		.byte	52
 204 00af 08       		.byte	8
 205 00b0 36       		.byte	54
 206 00b1 03       		.byte	3
 207 00b2 38       		.byte	56
 208 00b3 82       		.byte	-126
 209 00b4 39       		.byte	57
 210 00b5 80       		.byte	-128
 211 00b6 3A       		.byte	58
 212 00b7 28       		.byte	40
 213 00b8 3F       		.byte	63
 214 00b9 04       		.byte	4
 215 00ba 41       		.byte	65
 216 00bb 01       		.byte	1
 217 00bc 44       		.byte	68
 218 00bd 04       		.byte	4
 219 00be 45       		.byte	69
 220 00bf C0       		.byte	-64
 221 00c0 46       		.byte	70
 222 00c1 DE       		.byte	-34
 223 00c2 47       		.byte	71
 224 00c3 BF       		.byte	-65
 225 00c4 48       		.byte	72
 226 00c5 3E       		.byte	62
 227 00c6 49       		.byte	73
 228 00c7 FF       		.byte	-1
ARM GAS  C:\Users\Walaa\AppData\Local\Temp\cc5bwU6P.s 			page 5


 229 00c8 4A       		.byte	74
 230 00c9 FF       		.byte	-1
 231 00ca 4B       		.byte	75
 232 00cb FF       		.byte	-1
 233 00cc 4C       		.byte	76
 234 00cd EA       		.byte	-22
 235 00ce 4D       		.byte	77
 236 00cf 55       		.byte	85
 237 00d0 4E       		.byte	78
 238 00d1 B0       		.byte	-80
 239 00d2 4F       		.byte	79
 240 00d3 48       		.byte	72
 241 00d4 50       		.byte	80
 242 00d5 1C       		.byte	28
 243 00d6 52       		.byte	82
 244 00d7 01       		.byte	1
 245 00d8 58       		.byte	88
 246 00d9 04       		.byte	4
 247 00da 59       		.byte	89
 248 00db 0A       		.byte	10
 249 00dc 5A       		.byte	90
 250 00dd 04       		.byte	4
 251 00de 5B       		.byte	91
 252 00df 04       		.byte	4
 253 00e0 5C       		.byte	92
 254 00e1 91       		.byte	-111
 255 00e2 5D       		.byte	93
 256 00e3 11       		.byte	17
 257 00e4 5F       		.byte	95
 258 00e5 01       		.byte	1
 259 00e6 61       		.byte	97
 260 00e7 08       		.byte	8
 261 00e8 63       		.byte	99
 262 00e9 08       		.byte	8
 263 00ea 65       		.byte	101
 264 00eb 08       		.byte	8
 265 00ec 67       		.byte	103
 266 00ed 08       		.byte	8
 267 00ee 68       		.byte	104
 268 00ef 50       		.byte	80
 269 00f0 69       		.byte	105
 270 00f1 0A       		.byte	10
 271 00f2 6A       		.byte	106
 272 00f3 40       		.byte	64
 273 00f4 6B       		.byte	107
 274 00f5 A8       		.byte	-88
 275 00f6 6C       		.byte	108
 276 00f7 C0       		.byte	-64
 277 00f8 6E       		.byte	110
 278 00f9 40       		.byte	64
 279 00fa 6F       		.byte	111
 280 00fb A8       		.byte	-88
 281 00fc 84       		.byte	-124
 282 00fd 0A       		.byte	10
 283 00fe 86       		.byte	-122
 284 00ff 14       		.byte	20
 285 0100 87       		.byte	-121
ARM GAS  C:\Users\Walaa\AppData\Local\Temp\cc5bwU6P.s 			page 6


 286 0101 0D       		.byte	13
 287 0102 88       		.byte	-120
 288 0103 13       		.byte	19
 289 0104 8A       		.byte	-118
 290 0105 0C       		.byte	12
 291 0106 8E       		.byte	-114
 292 0107 08       		.byte	8
 293 0108 95       		.byte	-107
 294 0109 07       		.byte	7
 295 010a 97       		.byte	-105
 296 010b 38       		.byte	56
 297 010c 98       		.byte	-104
 298 010d 20       		.byte	32
 299 010e 99       		.byte	-103
 300 010f 72       		.byte	114
 301 0110 9A       		.byte	-102
 302 0111 05       		.byte	5
 303 0112 9B       		.byte	-101
 304 0113 0C       		.byte	12
 305 0114 9C       		.byte	-100
 306 0115 03       		.byte	3
 307 0116 9E       		.byte	-98
 308 0117 04       		.byte	4
 309 0118 9F       		.byte	-97
 310 0119 20       		.byte	32
 311 011a A3       		.byte	-93
 312 011b 70       		.byte	112
 313 011c A4       		.byte	-92
 314 011d 13       		.byte	19
 315 011e A5       		.byte	-91
 316 011f 07       		.byte	7
 317 0120 A6       		.byte	-90
 318 0121 04       		.byte	4
 319 0122 A7       		.byte	-89
 320 0123 58       		.byte	88
 321 0124 B3       		.byte	-77
 322 0125 3C       		.byte	60
 323 0126 B4       		.byte	-76
 324 0127 0F       		.byte	15
 325 0128 B5       		.byte	-75
 326 0129 68       		.byte	104
 327 012a B6       		.byte	-74
 328 012b 30       		.byte	48
 329 012c B7       		.byte	-73
 330 012d 03       		.byte	3
 331 012e B8       		.byte	-72
 332 012f 80       		.byte	-128
 333 0130 B9       		.byte	-71
 334 0131 80       		.byte	-128
 335 0132 BA       		.byte	-70
 336 0133 20       		.byte	32
 337 0134 BB       		.byte	-69
 338 0135 28       		.byte	40
 339 0136 BF       		.byte	-65
 340 0137 40       		.byte	64
 341 0138 C0       		.byte	-64
 342 0139 01       		.byte	1
ARM GAS  C:\Users\Walaa\AppData\Local\Temp\cc5bwU6P.s 			page 7


 343 013a C5       		.byte	-59
 344 013b 40       		.byte	64
 345 013c C9       		.byte	-55
 346 013d FF       		.byte	-1
 347 013e CA       		.byte	-54
 348 013f 07       		.byte	7
 349 0140 CB       		.byte	-53
 350 0141 FF       		.byte	-1
 351 0142 CC       		.byte	-52
 352 0143 40       		.byte	64
 353 0144 CD       		.byte	-51
 354 0145 20       		.byte	32
 355 0146 CE       		.byte	-50
 356 0147 F0       		.byte	-16
 357 0148 CF       		.byte	-49
 358 0149 05       		.byte	5
 359 014a D0       		.byte	-48
 360 014b 08       		.byte	8
 361 014c D8       		.byte	-40
 362 014d 04       		.byte	4
 363 014e D9       		.byte	-39
 364 014f 04       		.byte	4
 365 0150 DA       		.byte	-38
 366 0151 04       		.byte	4
 367 0152 DC       		.byte	-36
 368 0153 22       		.byte	34
 369 0154 DD       		.byte	-35
 370 0155 02       		.byte	2
 371 0156 DF       		.byte	-33
 372 0157 01       		.byte	1
 373 0158 E0       		.byte	-32
 374 0159 40       		.byte	64
 375 015a E1       		.byte	-31
 376 015b A8       		.byte	-88
 377 015c E2       		.byte	-30
 378 015d 40       		.byte	64
 379 015e E3       		.byte	-29
 380 015f 20       		.byte	32
 381 0160 00       		.byte	0
 382 0161 40       		.byte	64
 383 0162 01       		.byte	1
 384 0163 08       		.byte	8
 385 0164 05       		.byte	5
 386 0165 40       		.byte	64
 387 0166 06       		.byte	6
 388 0167 08       		.byte	8
 389 0168 07       		.byte	7
 390 0169 10       		.byte	16
 391 016a 0A       		.byte	10
 392 016b 05       		.byte	5
 393 016c 0F       		.byte	15
 394 016d 06       		.byte	6
 395 016e 17       		.byte	23
 396 016f 04       		.byte	4
 397 0170 18       		.byte	24
 398 0171 40       		.byte	64
 399 0172 19       		.byte	25
ARM GAS  C:\Users\Walaa\AppData\Local\Temp\cc5bwU6P.s 			page 8


 400 0173 08       		.byte	8
 401 0174 1A       		.byte	26
 402 0175 05       		.byte	5
 403 0176 1D       		.byte	29
 404 0177 40       		.byte	64
 405 0178 1F       		.byte	31
 406 0179 60       		.byte	96
 407 017a 21       		.byte	33
 408 017b 04       		.byte	4
 409 017c 23       		.byte	35
 410 017d 01       		.byte	1
 411 017e 25       		.byte	37
 412 017f 50       		.byte	80
 413 0180 27       		.byte	39
 414 0181 14       		.byte	20
 415 0182 29       		.byte	41
 416 0183 10       		.byte	16
 417 0184 2E       		.byte	46
 418 0185 08       		.byte	8
 419 0186 2F       		.byte	47
 420 0187 60       		.byte	96
 421 0188 32       		.byte	50
 422 0189 08       		.byte	8
 423 018a 35       		.byte	53
 424 018b 20       		.byte	32
 425 018c 36       		.byte	54
 426 018d 80       		.byte	-128
 427 018e 37       		.byte	55
 428 018f 14       		.byte	20
 429 0190 3F       		.byte	63
 430 0191 04       		.byte	4
 431 0192 41       		.byte	65
 432 0193 40       		.byte	64
 433 0194 43       		.byte	67
 434 0195 02       		.byte	2
 435 0196 45       		.byte	69
 436 0197 40       		.byte	64
 437 0198 49       		.byte	73
 438 0199 02       		.byte	2
 439 019a 4C       		.byte	76
 440 019b 20       		.byte	32
 441 019c 4E       		.byte	78
 442 019d 80       		.byte	-128
 443 019e 4F       		.byte	79
 444 019f 04       		.byte	4
 445 01a0 51       		.byte	81
 446 01a1 28       		.byte	40
 447 01a2 52       		.byte	82
 448 01a3 41       		.byte	65
 449 01a4 53       		.byte	83
 450 01a5 02       		.byte	2
 451 01a6 59       		.byte	89
 452 01a7 02       		.byte	2
 453 01a8 61       		.byte	97
 454 01a9 28       		.byte	40
 455 01aa 62       		.byte	98
 456 01ab 40       		.byte	64
ARM GAS  C:\Users\Walaa\AppData\Local\Temp\cc5bwU6P.s 			page 9


 457 01ac 69       		.byte	105
 458 01ad 80       		.byte	-128
 459 01ae 79       		.byte	121
 460 01af 08       		.byte	8
 461 01b0 89       		.byte	-119
 462 01b1 04       		.byte	4
 463 01b2 C0       		.byte	-64
 464 01b3 E5       		.byte	-27
 465 01b4 C2       		.byte	-62
 466 01b5 C3       		.byte	-61
 467 01b6 C4       		.byte	-60
 468 01b7 20       		.byte	32
 469 01b8 CA       		.byte	-54
 470 01b9 C4       		.byte	-60
 471 01ba CC       		.byte	-52
 472 01bb 72       		.byte	114
 473 01bc CE       		.byte	-50
 474 01bd 40       		.byte	64
 475 01be D0       		.byte	-48
 476 01bf 19       		.byte	25
 477 01c0 D6       		.byte	-42
 478 01c1 01       		.byte	1
 479 01c2 D8       		.byte	-40
 480 01c3 0E       		.byte	14
 481 01c4 DE       		.byte	-34
 482 01c5 02       		.byte	2
 483 01c6 E6       		.byte	-26
 484 01c7 80       		.byte	-128
 485 01c8 03       		.byte	3
 486 01c9 20       		.byte	32
 487 01ca 05       		.byte	5
 488 01cb 30       		.byte	48
 489 01cc 06       		.byte	6
 490 01cd 08       		.byte	8
 491 01ce 07       		.byte	7
 492 01cf 0C       		.byte	12
 493 01d0 08       		.byte	8
 494 01d1 10       		.byte	16
 495 01d2 09       		.byte	9
 496 01d3 2C       		.byte	44
 497 01d4 0B       		.byte	11
 498 01d5 11       		.byte	17
 499 01d6 12       		.byte	18
 500 01d7 01       		.byte	1
 501 01d8 15       		.byte	21
 502 01d9 14       		.byte	20
 503 01da 16       		.byte	22
 504 01db 02       		.byte	2
 505 01dc 18       		.byte	24
 506 01dd 10       		.byte	16
 507 01de 1B       		.byte	27
 508 01df 03       		.byte	3
 509 01e0 1D       		.byte	29
 510 01e1 10       		.byte	16
 511 01e2 21       		.byte	33
 512 01e3 09       		.byte	9
 513 01e4 23       		.byte	35
ARM GAS  C:\Users\Walaa\AppData\Local\Temp\cc5bwU6P.s 			page 10


 514 01e5 10       		.byte	16
 515 01e6 27       		.byte	39
 516 01e7 20       		.byte	32
 517 01e8 28       		.byte	40
 518 01e9 01       		.byte	1
 519 01ea 29       		.byte	41
 520 01eb 1C       		.byte	28
 521 01ec 2A       		.byte	42
 522 01ed 02       		.byte	2
 523 01ee 2B       		.byte	43
 524 01ef 22       		.byte	34
 525 01f0 2D       		.byte	45
 526 01f1 40       		.byte	64
 527 01f2 2E       		.byte	46
 528 01f3 04       		.byte	4
 529 01f4 30       		.byte	48
 530 01f5 08       		.byte	8
 531 01f6 32       		.byte	50
 532 01f7 04       		.byte	4
 533 01f8 33       		.byte	51
 534 01f9 1F       		.byte	31
 535 01fa 34       		.byte	52
 536 01fb 03       		.byte	3
 537 01fc 35       		.byte	53
 538 01fd 40       		.byte	64
 539 01fe 36       		.byte	54
 540 01ff 10       		.byte	16
 541 0200 37       		.byte	55
 542 0201 20       		.byte	32
 543 0202 3A       		.byte	58
 544 0203 C0       		.byte	-64
 545 0204 3F       		.byte	63
 546 0205 50       		.byte	80
 547 0206 40       		.byte	64
 548 0207 21       		.byte	33
 549 0208 41       		.byte	65
 550 0209 03       		.byte	3
 551 020a 45       		.byte	69
 552 020b 0B       		.byte	11
 553 020c 46       		.byte	70
 554 020d 0E       		.byte	14
 555 020e 47       		.byte	71
 556 020f C0       		.byte	-64
 557 0210 48       		.byte	72
 558 0211 25       		.byte	37
 559 0212 49       		.byte	73
 560 0213 FF       		.byte	-1
 561 0214 4A       		.byte	74
 562 0215 FF       		.byte	-1
 563 0216 4B       		.byte	75
 564 0217 FF       		.byte	-1
 565 0218 4E       		.byte	78
 566 0219 F0       		.byte	-16
 567 021a 4F       		.byte	79
 568 021b 44       		.byte	68
 569 021c 50       		.byte	80
 570 021d 0C       		.byte	12
ARM GAS  C:\Users\Walaa\AppData\Local\Temp\cc5bwU6P.s 			page 11


 571 021e 54       		.byte	84
 572 021f 01       		.byte	1
 573 0220 58       		.byte	88
 574 0221 04       		.byte	4
 575 0222 59       		.byte	89
 576 0223 04       		.byte	4
 577 0224 5A       		.byte	90
 578 0225 04       		.byte	4
 579 0226 5B       		.byte	91
 580 0227 04       		.byte	4
 581 0228 5C       		.byte	92
 582 0229 21       		.byte	33
 583 022a 5D       		.byte	93
 584 022b 22       		.byte	34
 585 022c 5F       		.byte	95
 586 022d 01       		.byte	1
 587 022e 66       		.byte	102
 588 022f C0       		.byte	-64
 589 0230 6A       		.byte	106
 590 0231 40       		.byte	64
 591 0232 6B       		.byte	107
 592 0233 02       		.byte	2
 593 0234 82       		.byte	-126
 594 0235 01       		.byte	1
 595 0236 96       		.byte	-106
 596 0237 08       		.byte	8
 597 0238 97       		.byte	-105
 598 0239 02       		.byte	2
 599 023a 98       		.byte	-104
 600 023b 04       		.byte	4
 601 023c 9C       		.byte	-100
 602 023d 08       		.byte	8
 603 023e 9D       		.byte	-99
 604 023f 04       		.byte	4
 605 0240 9E       		.byte	-98
 606 0241 02       		.byte	2
 607 0242 AA       		.byte	-86
 608 0243 04       		.byte	4
 609 0244 AB       		.byte	-85
 610 0245 01       		.byte	1
 611 0246 AD       		.byte	-83
 612 0247 02       		.byte	2
 613 0248 AF       		.byte	-81
 614 0249 01       		.byte	1
 615 024a B2       		.byte	-78
 616 024b 02       		.byte	2
 617 024c B3       		.byte	-77
 618 024d 03       		.byte	3
 619 024e B4       		.byte	-76
 620 024f 01       		.byte	1
 621 0250 B6       		.byte	-74
 622 0251 0C       		.byte	12
 623 0252 B7       		.byte	-73
 624 0253 04       		.byte	4
 625 0254 BA       		.byte	-70
 626 0255 80       		.byte	-128
 627 0256 BF       		.byte	-65
ARM GAS  C:\Users\Walaa\AppData\Local\Temp\cc5bwU6P.s 			page 12


 628 0257 40       		.byte	64
 629 0258 D8       		.byte	-40
 630 0259 04       		.byte	4
 631 025a D9       		.byte	-39
 632 025b 04       		.byte	4
 633 025c DC       		.byte	-36
 634 025d 99       		.byte	-103
 635 025e DF       		.byte	-33
 636 025f 01       		.byte	1
 637 0260 01       		.byte	1
 638 0261 02       		.byte	2
 639 0262 05       		.byte	5
 640 0263 04       		.byte	4
 641 0264 06       		.byte	6
 642 0265 04       		.byte	4
 643 0266 0A       		.byte	10
 644 0267 15       		.byte	21
 645 0268 0D       		.byte	13
 646 0269 08       		.byte	8
 647 026a 0E       		.byte	14
 648 026b 48       		.byte	72
 649 026c 12       		.byte	18
 650 026d 08       		.byte	8
 651 026e 15       		.byte	21
 652 026f 01       		.byte	1
 653 0270 16       		.byte	22
 654 0271 81       		.byte	-127
 655 0272 17       		.byte	23
 656 0273 10       		.byte	16
 657 0274 19       		.byte	25
 658 0275 90       		.byte	-112
 659 0276 1A       		.byte	26
 660 0277 14       		.byte	20
 661 0278 1D       		.byte	29
 662 0279 08       		.byte	8
 663 027a 1E       		.byte	30
 664 027b 41       		.byte	65
 665 027c 1F       		.byte	31
 666 027d A0       		.byte	-96
 667 027e 20       		.byte	32
 668 027f 02       		.byte	2
 669 0280 22       		.byte	34
 670 0281 08       		.byte	8
 671 0282 24       		.byte	36
 672 0283 04       		.byte	4
 673 0284 26       		.byte	38
 674 0285 40       		.byte	64
 675 0286 27       		.byte	39
 676 0287 20       		.byte	32
 677 0288 29       		.byte	41
 678 0289 90       		.byte	-112
 679 028a 2C       		.byte	44
 680 028b 20       		.byte	32
 681 028c 2D       		.byte	45
 682 028d 20       		.byte	32
 683 028e 2E       		.byte	46
 684 028f 80       		.byte	-128
ARM GAS  C:\Users\Walaa\AppData\Local\Temp\cc5bwU6P.s 			page 13


 685 0290 2F       		.byte	47
 686 0291 40       		.byte	64
 687 0292 32       		.byte	50
 688 0293 08       		.byte	8
 689 0294 33       		.byte	51
 690 0295 80       		.byte	-128
 691 0296 35       		.byte	53
 692 0297 08       		.byte	8
 693 0298 36       		.byte	54
 694 0299 80       		.byte	-128
 695 029a 37       		.byte	55
 696 029b 20       		.byte	32
 697 029c 3D       		.byte	61
 698 029d 20       		.byte	32
 699 029e 3E       		.byte	62
 700 029f 28       		.byte	40
 701 02a0 3F       		.byte	63
 702 02a1 02       		.byte	2
 703 02a2 45       		.byte	69
 704 02a3 40       		.byte	64
 705 02a4 46       		.byte	70
 706 02a5 28       		.byte	40
 707 02a6 4D       		.byte	77
 708 02a7 08       		.byte	8
 709 02a8 56       		.byte	86
 710 02a9 80       		.byte	-128
 711 02aa 57       		.byte	87
 712 02ab 01       		.byte	1
 713 02ac 5C       		.byte	92
 714 02ad 04       		.byte	4
 715 02ae 5D       		.byte	93
 716 02af 11       		.byte	17
 717 02b0 5E       		.byte	94
 718 02b1 80       		.byte	-128
 719 02b2 83       		.byte	-125
 720 02b3 01       		.byte	1
 721 02b4 84       		.byte	-124
 722 02b5 01       		.byte	1
 723 02b6 86       		.byte	-122
 724 02b7 01       		.byte	1
 725 02b8 89       		.byte	-119
 726 02b9 10       		.byte	16
 727 02ba 8B       		.byte	-117
 728 02bb 01       		.byte	1
 729 02bc 93       		.byte	-109
 730 02bd 81       		.byte	-127
 731 02be 99       		.byte	-103
 732 02bf 20       		.byte	32
 733 02c0 9A       		.byte	-102
 734 02c1 09       		.byte	9
 735 02c2 9D       		.byte	-99
 736 02c3 10       		.byte	16
 737 02c4 A0       		.byte	-96
 738 02c5 20       		.byte	32
 739 02c6 A1       		.byte	-95
 740 02c7 10       		.byte	16
 741 02c8 A2       		.byte	-94
ARM GAS  C:\Users\Walaa\AppData\Local\Temp\cc5bwU6P.s 			page 14


 742 02c9 80       		.byte	-128
 743 02ca A6       		.byte	-90
 744 02cb 08       		.byte	8
 745 02cc A7       		.byte	-89
 746 02cd 01       		.byte	1
 747 02ce AE       		.byte	-82
 748 02cf 01       		.byte	1
 749 02d0 C0       		.byte	-64
 750 02d1 68       		.byte	104
 751 02d2 C2       		.byte	-62
 752 02d3 77       		.byte	119
 753 02d4 C4       		.byte	-60
 754 02d5 C2       		.byte	-62
 755 02d6 CA       		.byte	-54
 756 02d7 FC       		.byte	-4
 757 02d8 CC       		.byte	-52
 758 02d9 7A       		.byte	122
 759 02da CE       		.byte	-50
 760 02db E0       		.byte	-32
 761 02dc D0       		.byte	-48
 762 02dd 70       		.byte	112
 763 02de D6       		.byte	-42
 764 02df F0       		.byte	-16
 765 02e0 E8       		.byte	-24
 766 02e1 08       		.byte	8
 767 02e2 01       		.byte	1
 768 02e3 04       		.byte	4
 769 02e4 05       		.byte	5
 770 02e5 08       		.byte	8
 771 02e6 11       		.byte	17
 772 02e7 08       		.byte	8
 773 02e8 15       		.byte	21
 774 02e9 04       		.byte	4
 775 02ea 17       		.byte	23
 776 02eb 01       		.byte	1
 777 02ec 19       		.byte	25
 778 02ed 01       		.byte	1
 779 02ee 21       		.byte	33
 780 02ef 08       		.byte	8
 781 02f0 2B       		.byte	43
 782 02f1 02       		.byte	2
 783 02f2 31       		.byte	49
 784 02f3 04       		.byte	4
 785 02f4 33       		.byte	51
 786 02f5 02       		.byte	2
 787 02f6 35       		.byte	53
 788 02f7 08       		.byte	8
 789 02f8 37       		.byte	55
 790 02f9 01       		.byte	1
 791 02fa 39       		.byte	57
 792 02fb A2       		.byte	-94
 793 02fc 3A       		.byte	58
 794 02fd C0       		.byte	-64
 795 02fe 3F       		.byte	63
 796 02ff 10       		.byte	16
 797 0300 40       		.byte	64
 798 0301 10       		.byte	16
ARM GAS  C:\Users\Walaa\AppData\Local\Temp\cc5bwU6P.s 			page 15


 799 0302 41       		.byte	65
 800 0303 04       		.byte	4
 801 0304 44       		.byte	68
 802 0305 06       		.byte	6
 803 0306 45       		.byte	69
 804 0307 B0       		.byte	-80
 805 0308 48       		.byte	72
 806 0309 02       		.byte	2
 807 030a 49       		.byte	73
 808 030b FF       		.byte	-1
 809 030c 4A       		.byte	74
 810 030d FF       		.byte	-1
 811 030e 4B       		.byte	75
 812 030f FF       		.byte	-1
 813 0310 4C       		.byte	76
 814 0311 EF       		.byte	-17
 815 0312 4D       		.byte	77
 816 0313 55       		.byte	85
 817 0314 4E       		.byte	78
 818 0315 70       		.byte	112
 819 0316 4F       		.byte	79
 820 0317 48       		.byte	72
 821 0318 50       		.byte	80
 822 0319 1C       		.byte	28
 823 031a 52       		.byte	82
 824 031b 01       		.byte	1
 825 031c 58       		.byte	88
 826 031d 09       		.byte	9
 827 031e 59       		.byte	89
 828 031f 04       		.byte	4
 829 0320 5A       		.byte	90
 830 0321 0A       		.byte	10
 831 0322 5B       		.byte	91
 832 0323 0A       		.byte	10
 833 0324 5C       		.byte	92
 834 0325 91       		.byte	-111
 835 0326 5D       		.byte	93
 836 0327 11       		.byte	17
 837 0328 5F       		.byte	95
 838 0329 01       		.byte	1
 839 032a 61       		.byte	97
 840 032b 08       		.byte	8
 841 032c 63       		.byte	99
 842 032d 08       		.byte	8
 843 032e 65       		.byte	101
 844 032f 08       		.byte	8
 845 0330 67       		.byte	103
 846 0331 08       		.byte	8
 847 0332 68       		.byte	104
 848 0333 50       		.byte	80
 849 0334 69       		.byte	105
 850 0335 0A       		.byte	10
 851 0336 6A       		.byte	106
 852 0337 40       		.byte	64
 853 0338 6B       		.byte	107
 854 0339 A8       		.byte	-88
 855 033a 6C       		.byte	108
ARM GAS  C:\Users\Walaa\AppData\Local\Temp\cc5bwU6P.s 			page 16


 856 033b C0       		.byte	-64
 857 033c 6E       		.byte	110
 858 033d 40       		.byte	64
 859 033e 6F       		.byte	111
 860 033f A8       		.byte	-88
 861 0340 83       		.byte	-125
 862 0341 01       		.byte	1
 863 0342 84       		.byte	-124
 864 0343 02       		.byte	2
 865 0344 93       		.byte	-109
 866 0345 04       		.byte	4
 867 0346 97       		.byte	-105
 868 0347 02       		.byte	2
 869 0348 99       		.byte	-103
 870 0349 02       		.byte	2
 871 034a 9B       		.byte	-101
 872 034b 04       		.byte	4
 873 034c 9E       		.byte	-98
 874 034d 01       		.byte	1
 875 034e A7       		.byte	-89
 876 034f 08       		.byte	8
 877 0350 B0       		.byte	-80
 878 0351 02       		.byte	2
 879 0352 B2       		.byte	-78
 880 0353 01       		.byte	1
 881 0354 B3       		.byte	-77
 882 0355 06       		.byte	6
 883 0356 B5       		.byte	-75
 884 0357 01       		.byte	1
 885 0358 B7       		.byte	-73
 886 0359 08       		.byte	8
 887 035a BA       		.byte	-70
 888 035b 08       		.byte	8
 889 035c BE       		.byte	-66
 890 035d 01       		.byte	1
 891 035e C0       		.byte	-64
 892 035f 10       		.byte	16
 893 0360 C1       		.byte	-63
 894 0361 04       		.byte	4
 895 0362 C4       		.byte	-60
 896 0363 06       		.byte	6
 897 0364 C9       		.byte	-55
 898 0365 FF       		.byte	-1
 899 0366 CA       		.byte	-54
 900 0367 FF       		.byte	-1
 901 0368 CB       		.byte	-53
 902 0369 FF       		.byte	-1
 903 036a CC       		.byte	-52
 904 036b EF       		.byte	-17
 905 036c CD       		.byte	-51
 906 036d 55       		.byte	85
 907 036e CE       		.byte	-50
 908 036f 72       		.byte	114
 909 0370 CF       		.byte	-49
 910 0371 48       		.byte	72
 911 0372 D0       		.byte	-48
 912 0373 1C       		.byte	28
ARM GAS  C:\Users\Walaa\AppData\Local\Temp\cc5bwU6P.s 			page 17


 913 0374 D8       		.byte	-40
 914 0375 08       		.byte	8
 915 0376 D9       		.byte	-39
 916 0377 0A       		.byte	10
 917 0378 DA       		.byte	-38
 918 0379 0A       		.byte	10
 919 037a DC       		.byte	-36
 920 037b 19       		.byte	25
 921 037c DD       		.byte	-35
 922 037d 01       		.byte	1
 923 037e DF       		.byte	-33
 924 037f 01       		.byte	1
 925 0380 E1       		.byte	-31
 926 0381 08       		.byte	8
 927 0382 E3       		.byte	-29
 928 0383 08       		.byte	8
 929 0384 E5       		.byte	-27
 930 0385 08       		.byte	8
 931 0386 E7       		.byte	-25
 932 0387 08       		.byte	8
 933 0388 E8       		.byte	-24
 934 0389 50       		.byte	80
 935 038a E9       		.byte	-23
 936 038b 0A       		.byte	10
 937 038c EA       		.byte	-22
 938 038d 40       		.byte	64
 939 038e EB       		.byte	-21
 940 038f A8       		.byte	-88
 941 0390 EC       		.byte	-20
 942 0391 C0       		.byte	-64
 943 0392 EE       		.byte	-18
 944 0393 40       		.byte	64
 945 0394 EF       		.byte	-17
 946 0395 A8       		.byte	-88
 947 0396 07       		.byte	7
 948 0397 20       		.byte	32
 949 0398 0D       		.byte	13
 950 0399 80       		.byte	-128
 951 039a 18       		.byte	24
 952 039b 02       		.byte	2
 953 039c 1A       		.byte	26
 954 039d 02       		.byte	2
 955 039e 1E       		.byte	30
 956 039f 20       		.byte	32
 957 03a0 1F       		.byte	31
 958 03a1 02       		.byte	2
 959 03a2 21       		.byte	33
 960 03a3 98       		.byte	-104
 961 03a4 22       		.byte	34
 962 03a5 02       		.byte	2
 963 03a6 27       		.byte	39
 964 03a7 1A       		.byte	26
 965 03a8 28       		.byte	40
 966 03a9 80       		.byte	-128
 967 03aa 2B       		.byte	43
 968 03ab 04       		.byte	4
 969 03ac 2F       		.byte	47
ARM GAS  C:\Users\Walaa\AppData\Local\Temp\cc5bwU6P.s 			page 18


 970 03ad 20       		.byte	32
 971 03ae 30       		.byte	48
 972 03af 01       		.byte	1
 973 03b0 31       		.byte	49
 974 03b1 18       		.byte	24
 975 03b2 36       		.byte	54
 976 03b3 10       		.byte	16
 977 03b4 37       		.byte	55
 978 03b5 0A       		.byte	10
 979 03b6 38       		.byte	56
 980 03b7 02       		.byte	2
 981 03b8 3B       		.byte	59
 982 03b9 08       		.byte	8
 983 03ba 3F       		.byte	63
 984 03bb 01       		.byte	1
 985 03bc 40       		.byte	64
 986 03bd 02       		.byte	2
 987 03be 43       		.byte	67
 988 03bf 01       		.byte	1
 989 03c0 44       		.byte	68
 990 03c1 02       		.byte	2
 991 03c2 46       		.byte	70
 992 03c3 01       		.byte	1
 993 03c4 47       		.byte	71
 994 03c5 01       		.byte	1
 995 03c6 4B       		.byte	75
 996 03c7 11       		.byte	17
 997 03c8 4F       		.byte	79
 998 03c9 10       		.byte	16
 999 03ca 6B       		.byte	107
 1000 03cb 01       		.byte	1
 1001 03cc 79       		.byte	121
 1002 03cd 28       		.byte	40
 1003 03ce 7A       		.byte	122
 1004 03cf 20       		.byte	32
 1005 03d0 7E       		.byte	126
 1006 03d1 22       		.byte	34
 1007 03d2 87       		.byte	-121
 1008 03d3 02       		.byte	2
 1009 03d4 99       		.byte	-103
 1010 03d5 10       		.byte	16
 1011 03d6 9B       		.byte	-101
 1012 03d7 20       		.byte	32
 1013 03d8 9D       		.byte	-99
 1014 03d9 04       		.byte	4
 1015 03da 9E       		.byte	-98
 1016 03db 04       		.byte	4
 1017 03dc 9F       		.byte	-97
 1018 03dd 10       		.byte	16
 1019 03de A6       		.byte	-90
 1020 03df 04       		.byte	4
 1021 03e0 A9       		.byte	-87
 1022 03e1 02       		.byte	2
 1023 03e2 AC       		.byte	-84
 1024 03e3 20       		.byte	32
 1025 03e4 AD       		.byte	-83
 1026 03e5 40       		.byte	64
ARM GAS  C:\Users\Walaa\AppData\Local\Temp\cc5bwU6P.s 			page 19


 1027 03e6 AF       		.byte	-81
 1028 03e7 20       		.byte	32
 1029 03e8 C0       		.byte	-64
 1030 03e9 20       		.byte	32
 1031 03ea C2       		.byte	-62
 1032 03eb 80       		.byte	-128
 1033 03ec CA       		.byte	-54
 1034 03ed 45       		.byte	69
 1035 03ee CC       		.byte	-52
 1036 03ef E7       		.byte	-25
 1037 03f0 CE       		.byte	-50
 1038 03f1 83       		.byte	-125
 1039 03f2 D0       		.byte	-48
 1040 03f3 99       		.byte	-103
 1041 03f4 D2       		.byte	-46
 1042 03f5 24       		.byte	36
 1043 03f6 DE       		.byte	-34
 1044 03f7 56       		.byte	86
 1045 03f8 01       		.byte	1
 1046 03f9 06       		.byte	6
 1047 03fa 03       		.byte	3
 1048 03fb 01       		.byte	1
 1049 03fc 07       		.byte	7
 1050 03fd 01       		.byte	1
 1051 03fe 08       		.byte	8
 1052 03ff 02       		.byte	2
 1053 0400 09       		.byte	9
 1054 0401 01       		.byte	1
 1055 0402 0B       		.byte	11
 1056 0403 06       		.byte	6
 1057 0404 14       		.byte	20
 1058 0405 02       		.byte	2
 1059 0406 15       		.byte	21
 1060 0407 06       		.byte	6
 1061 0408 17       		.byte	23
 1062 0409 01       		.byte	1
 1063 040a 19       		.byte	25
 1064 040b 07       		.byte	7
 1065 040c 1A       		.byte	26
 1066 040d 01       		.byte	1
 1067 040e 1C       		.byte	28
 1068 040f 02       		.byte	2
 1069 0410 24       		.byte	36
 1070 0411 02       		.byte	2
 1071 0412 25       		.byte	37
 1072 0413 02       		.byte	2
 1073 0414 29       		.byte	41
 1074 0415 06       		.byte	6
 1075 0416 2D       		.byte	45
 1076 0417 04       		.byte	4
 1077 0418 30       		.byte	48
 1078 0419 02       		.byte	2
 1079 041a 34       		.byte	52
 1080 041b 01       		.byte	1
 1081 041c 35       		.byte	53
 1082 041d 07       		.byte	7
 1083 041e 3B       		.byte	59
ARM GAS  C:\Users\Walaa\AppData\Local\Temp\cc5bwU6P.s 			page 20


 1084 041f 20       		.byte	32
 1085 0420 3E       		.byte	62
 1086 0421 01       		.byte	1
 1087 0422 40       		.byte	64
 1088 0423 10       		.byte	16
 1089 0424 41       		.byte	65
 1090 0425 04       		.byte	4
 1091 0426 44       		.byte	68
 1092 0427 06       		.byte	6
 1093 0428 49       		.byte	73
 1094 0429 FF       		.byte	-1
 1095 042a 4A       		.byte	74
 1096 042b FF       		.byte	-1
 1097 042c 4B       		.byte	75
 1098 042d FF       		.byte	-1
 1099 042e 4C       		.byte	76
 1100 042f EF       		.byte	-17
 1101 0430 4D       		.byte	77
 1102 0431 55       		.byte	85
 1103 0432 4E       		.byte	78
 1104 0433 72       		.byte	114
 1105 0434 4F       		.byte	79
 1106 0435 48       		.byte	72
 1107 0436 50       		.byte	80
 1108 0437 1C       		.byte	28
 1109 0438 58       		.byte	88
 1110 0439 04       		.byte	4
 1111 043a 59       		.byte	89
 1112 043b 04       		.byte	4
 1113 043c 5A       		.byte	90
 1114 043d 0B       		.byte	11
 1115 043e 5C       		.byte	92
 1116 043f 21       		.byte	33
 1117 0440 5D       		.byte	93
 1118 0441 01       		.byte	1
 1119 0442 5F       		.byte	95
 1120 0443 01       		.byte	1
 1121 0444 61       		.byte	97
 1122 0445 08       		.byte	8
 1123 0446 63       		.byte	99
 1124 0447 08       		.byte	8
 1125 0448 65       		.byte	101
 1126 0449 08       		.byte	8
 1127 044a 67       		.byte	103
 1128 044b 08       		.byte	8
 1129 044c 68       		.byte	104
 1130 044d 50       		.byte	80
 1131 044e 69       		.byte	105
 1132 044f 0A       		.byte	10
 1133 0450 6A       		.byte	106
 1134 0451 40       		.byte	64
 1135 0452 6B       		.byte	107
 1136 0453 A8       		.byte	-88
 1137 0454 6C       		.byte	108
 1138 0455 C0       		.byte	-64
 1139 0456 6E       		.byte	110
 1140 0457 40       		.byte	64
ARM GAS  C:\Users\Walaa\AppData\Local\Temp\cc5bwU6P.s 			page 21


 1141 0458 6F       		.byte	111
 1142 0459 A8       		.byte	-88
 1143 045a 83       		.byte	-125
 1144 045b 01       		.byte	1
 1145 045c 97       		.byte	-105
 1146 045d 02       		.byte	2
 1147 045e 9E       		.byte	-98
 1148 045f 01       		.byte	1
 1149 0460 9F       		.byte	-97
 1150 0461 04       		.byte	4
 1151 0462 A8       		.byte	-88
 1152 0463 01       		.byte	1
 1153 0464 B2       		.byte	-78
 1154 0465 01       		.byte	1
 1155 0466 B3       		.byte	-77
 1156 0467 01       		.byte	1
 1157 0468 B5       		.byte	-75
 1158 0469 04       		.byte	4
 1159 046a B7       		.byte	-73
 1160 046b 02       		.byte	2
 1161 046c B8       		.byte	-72
 1162 046d 02       		.byte	2
 1163 046e BE       		.byte	-66
 1164 046f 04       		.byte	4
 1165 0470 C0       		.byte	-64
 1166 0471 30       		.byte	48
 1167 0472 C1       		.byte	-63
 1168 0473 04       		.byte	4
 1169 0474 C4       		.byte	-60
 1170 0475 06       		.byte	6
 1171 0476 C5       		.byte	-59
 1172 0477 C0       		.byte	-64
 1173 0478 C6       		.byte	-58
 1174 0479 DE       		.byte	-34
 1175 047a C7       		.byte	-57
 1176 047b 0F       		.byte	15
 1177 047c C8       		.byte	-56
 1178 047d 1E       		.byte	30
 1179 047e C9       		.byte	-55
 1180 047f FF       		.byte	-1
 1181 0480 CA       		.byte	-54
 1182 0481 FF       		.byte	-1
 1183 0482 CB       		.byte	-53
 1184 0483 FF       		.byte	-1
 1185 0484 CC       		.byte	-52
 1186 0485 EA       		.byte	-22
 1187 0486 CD       		.byte	-51
 1188 0487 55       		.byte	85
 1189 0488 CE       		.byte	-50
 1190 0489 F2       		.byte	-14
 1191 048a CF       		.byte	-49
 1192 048b 48       		.byte	72
 1193 048c D0       		.byte	-48
 1194 048d 1C       		.byte	28
 1195 048e D4       		.byte	-44
 1196 048f 01       		.byte	1
 1197 0490 D6       		.byte	-42
ARM GAS  C:\Users\Walaa\AppData\Local\Temp\cc5bwU6P.s 			page 22


 1198 0491 04       		.byte	4
 1199 0492 D8       		.byte	-40
 1200 0493 0B       		.byte	11
 1201 0494 D9       		.byte	-39
 1202 0495 0A       		.byte	10
 1203 0496 DA       		.byte	-38
 1204 0497 0A       		.byte	10
 1205 0498 DB       		.byte	-37
 1206 0499 0A       		.byte	10
 1207 049a DC       		.byte	-36
 1208 049b 11       		.byte	17
 1209 049c DD       		.byte	-35
 1210 049d 11       		.byte	17
 1211 049e DF       		.byte	-33
 1212 049f 01       		.byte	1
 1213 04a0 E1       		.byte	-31
 1214 04a1 08       		.byte	8
 1215 04a2 E3       		.byte	-29
 1216 04a3 08       		.byte	8
 1217 04a4 E5       		.byte	-27
 1218 04a5 08       		.byte	8
 1219 04a6 E7       		.byte	-25
 1220 04a7 08       		.byte	8
 1221 04a8 E8       		.byte	-24
 1222 04a9 50       		.byte	80
 1223 04aa E9       		.byte	-23
 1224 04ab 0A       		.byte	10
 1225 04ac EA       		.byte	-22
 1226 04ad 40       		.byte	64
 1227 04ae EB       		.byte	-21
 1228 04af A8       		.byte	-88
 1229 04b0 EC       		.byte	-20
 1230 04b1 C0       		.byte	-64
 1231 04b2 EE       		.byte	-18
 1232 04b3 40       		.byte	64
 1233 04b4 EF       		.byte	-17
 1234 04b5 A8       		.byte	-88
 1235 04b6 05       		.byte	5
 1236 04b7 10       		.byte	16
 1237 04b8 0A       		.byte	10
 1238 04b9 02       		.byte	2
 1239 04ba 0E       		.byte	14
 1240 04bb 21       		.byte	33
 1241 04bc 0F       		.byte	15
 1242 04bd 24       		.byte	36
 1243 04be 12       		.byte	18
 1244 04bf 08       		.byte	8
 1245 04c0 17       		.byte	23
 1246 04c1 08       		.byte	8
 1247 04c2 18       		.byte	24
 1248 04c3 20       		.byte	32
 1249 04c4 1A       		.byte	26
 1250 04c5 90       		.byte	-112
 1251 04c6 1E       		.byte	30
 1252 04c7 48       		.byte	72
 1253 04c8 22       		.byte	34
 1254 04c9 88       		.byte	-120
ARM GAS  C:\Users\Walaa\AppData\Local\Temp\cc5bwU6P.s 			page 23


 1255 04ca 23       		.byte	35
 1256 04cb 04       		.byte	4
 1257 04cc 27       		.byte	39
 1258 04cd 08       		.byte	8
 1259 04ce 2D       		.byte	45
 1260 04cf 80       		.byte	-128
 1261 04d0 2E       		.byte	46
 1262 04d1 28       		.byte	40
 1263 04d2 32       		.byte	50
 1264 04d3 88       		.byte	-120
 1265 04d4 35       		.byte	53
 1266 04d5 10       		.byte	16
 1267 04d6 37       		.byte	55
 1268 04d7 08       		.byte	8
 1269 04d8 38       		.byte	56
 1270 04d9 02       		.byte	2
 1271 04da 39       		.byte	57
 1272 04db 01       		.byte	1
 1273 04dc 3D       		.byte	61
 1274 04dd 08       		.byte	8
 1275 04de 3E       		.byte	62
 1276 04df 01       		.byte	1
 1277 04e0 3F       		.byte	63
 1278 04e1 20       		.byte	32
 1279 04e2 42       		.byte	66
 1280 04e3 10       		.byte	16
 1281 04e4 43       		.byte	67
 1282 04e5 01       		.byte	1
 1283 04e6 46       		.byte	70
 1284 04e7 01       		.byte	1
 1285 04e8 47       		.byte	71
 1286 04e9 41       		.byte	65
 1287 04ea 49       		.byte	73
 1288 04eb 01       		.byte	1
 1289 04ec 4B       		.byte	75
 1290 04ed 10       		.byte	16
 1291 04ee 4F       		.byte	79
 1292 04ef 10       		.byte	16
 1293 04f0 51       		.byte	81
 1294 04f1 88       		.byte	-120
 1295 04f2 52       		.byte	82
 1296 04f3 10       		.byte	16
 1297 04f4 59       		.byte	89
 1298 04f5 01       		.byte	1
 1299 04f6 5B       		.byte	91
 1300 04f7 40       		.byte	64
 1301 04f8 60       		.byte	96
 1302 04f9 80       		.byte	-128
 1303 04fa 61       		.byte	97
 1304 04fb 88       		.byte	-120
 1305 04fc 62       		.byte	98
 1306 04fd 10       		.byte	16
 1307 04fe 79       		.byte	121
 1308 04ff 09       		.byte	9
 1309 0500 7F       		.byte	127
 1310 0501 40       		.byte	64
 1311 0502 80       		.byte	-128
ARM GAS  C:\Users\Walaa\AppData\Local\Temp\cc5bwU6P.s 			page 24


 1312 0503 02       		.byte	2
 1313 0504 82       		.byte	-126
 1314 0505 40       		.byte	64
 1315 0506 83       		.byte	-125
 1316 0507 08       		.byte	8
 1317 0508 8B       		.byte	-117
 1318 0509 10       		.byte	16
 1319 050a 90       		.byte	-112
 1320 050b 02       		.byte	2
 1321 050c 92       		.byte	-110
 1322 050d 02       		.byte	2
 1323 050e 95       		.byte	-107
 1324 050f 08       		.byte	8
 1325 0510 97       		.byte	-105
 1326 0511 10       		.byte	16
 1327 0512 9B       		.byte	-101
 1328 0513 01       		.byte	1
 1329 0514 9C       		.byte	-100
 1330 0515 81       		.byte	-127
 1331 0516 9D       		.byte	-99
 1332 0517 04       		.byte	4
 1333 0518 9E       		.byte	-98
 1334 0519 01       		.byte	1
 1335 051a A6       		.byte	-90
 1336 051b 04       		.byte	4
 1337 051c A7       		.byte	-89
 1338 051d 20       		.byte	32
 1339 051e AA       		.byte	-86
 1340 051f 04       		.byte	4
 1341 0520 AB       		.byte	-85
 1342 0521 04       		.byte	4
 1343 0522 AF       		.byte	-81
 1344 0523 04       		.byte	4
 1345 0524 C0       		.byte	-64
 1346 0525 40       		.byte	64
 1347 0526 C2       		.byte	-62
 1348 0527 E1       		.byte	-31
 1349 0528 C4       		.byte	-60
 1350 0529 22       		.byte	34
 1351 052a CA       		.byte	-54
 1352 052b 70       		.byte	112
 1353 052c CC       		.byte	-52
 1354 052d 6A       		.byte	106
 1355 052e CE       		.byte	-50
 1356 052f E1       		.byte	-31
 1357 0530 D0       		.byte	-48
 1358 0531 93       		.byte	-109
 1359 0532 D2       		.byte	-46
 1360 0533 24       		.byte	36
 1361 0534 D6       		.byte	-42
 1362 0535 09       		.byte	9
 1363 0536 D8       		.byte	-40
 1364 0537 0F       		.byte	15
 1365 0538 DE       		.byte	-34
 1366 0539 83       		.byte	-125
 1367 053a E2       		.byte	-30
 1368 053b 01       		.byte	1
ARM GAS  C:\Users\Walaa\AppData\Local\Temp\cc5bwU6P.s 			page 25


 1369 053c BF       		.byte	-65
 1370 053d 40       		.byte	64
 1371 053e D9       		.byte	-39
 1372 053f 04       		.byte	4
 1373 0540 DF       		.byte	-33
 1374 0541 01       		.byte	1
 1375 0542 21       		.byte	33
 1376 0543 40       		.byte	64
 1377 0544 81       		.byte	-127
 1378 0545 40       		.byte	64
 1379 0546 8B       		.byte	-117
 1380 0547 08       		.byte	8
 1381 0548 91       		.byte	-111
 1382 0549 01       		.byte	1
 1383 054a E6       		.byte	-26
 1384 054b 80       		.byte	-128
 1385 054c 91       		.byte	-111
 1386 054d 01       		.byte	1
 1387 054e 91       		.byte	-111
 1388 054f 01       		.byte	1
 1389 0550 AD       		.byte	-83
 1390 0551 01       		.byte	1
 1391 0552 41       		.byte	65
 1392 0553 04       		.byte	4
 1393 0554 44       		.byte	68
 1394 0555 06       		.byte	6
 1395 0556 45       		.byte	69
 1396 0557 CB       		.byte	-53
 1397 0558 46       		.byte	70
 1398 0559 DE       		.byte	-34
 1399 055a 47       		.byte	71
 1400 055b 0F       		.byte	15
 1401 055c 48       		.byte	72
 1402 055d 1F       		.byte	31
 1403 055e 49       		.byte	73
 1404 055f FF       		.byte	-1
 1405 0560 4A       		.byte	74
 1406 0561 FF       		.byte	-1
 1407 0562 4B       		.byte	75
 1408 0563 FF       		.byte	-1
 1409 0564 4C       		.byte	76
 1410 0565 EA       		.byte	-22
 1411 0566 4D       		.byte	77
 1412 0567 55       		.byte	85
 1413 0568 4E       		.byte	78
 1414 0569 B0       		.byte	-80
 1415 056a 4F       		.byte	79
 1416 056b 48       		.byte	72
 1417 056c 50       		.byte	80
 1418 056d 1C       		.byte	28
 1419 056e 52       		.byte	82
 1420 056f 01       		.byte	1
 1421 0570 5A       		.byte	90
 1422 0571 04       		.byte	4
 1423 0572 5B       		.byte	91
 1424 0573 04       		.byte	4
 1425 0574 5D       		.byte	93
ARM GAS  C:\Users\Walaa\AppData\Local\Temp\cc5bwU6P.s 			page 26


 1426 0575 11       		.byte	17
 1427 0576 5F       		.byte	95
 1428 0577 01       		.byte	1
 1429 0578 61       		.byte	97
 1430 0579 08       		.byte	8
 1431 057a 63       		.byte	99
 1432 057b 08       		.byte	8
 1433 057c 65       		.byte	101
 1434 057d 08       		.byte	8
 1435 057e 67       		.byte	103
 1436 057f 08       		.byte	8
 1437 0580 68       		.byte	104
 1438 0581 50       		.byte	80
 1439 0582 69       		.byte	105
 1440 0583 0A       		.byte	10
 1441 0584 6A       		.byte	106
 1442 0585 40       		.byte	64
 1443 0586 6B       		.byte	107
 1444 0587 A8       		.byte	-88
 1445 0588 6C       		.byte	108
 1446 0589 C0       		.byte	-64
 1447 058a 6E       		.byte	110
 1448 058b 40       		.byte	64
 1449 058c 6F       		.byte	111
 1450 058d A8       		.byte	-88
 1451 058e 04       		.byte	4
 1452 058f 02       		.byte	2
 1453 0590 05       		.byte	5
 1454 0591 10       		.byte	16
 1455 0592 06       		.byte	6
 1456 0593 20       		.byte	32
 1457 0594 07       		.byte	7
 1458 0595 01       		.byte	1
 1459 0596 0C       		.byte	12
 1460 0597 02       		.byte	2
 1461 0598 0E       		.byte	14
 1462 0599 01       		.byte	1
 1463 059a 0F       		.byte	15
 1464 059b 28       		.byte	40
 1465 059c 10       		.byte	16
 1466 059d 04       		.byte	4
 1467 059e 13       		.byte	19
 1468 059f 20       		.byte	32
 1469 05a0 14       		.byte	20
 1470 05a1 10       		.byte	16
 1471 05a2 16       		.byte	22
 1472 05a3 8A       		.byte	-118
 1473 05a4 1C       		.byte	28
 1474 05a5 10       		.byte	16
 1475 05a6 1D       		.byte	29
 1476 05a7 10       		.byte	16
 1477 05a8 1E       		.byte	30
 1478 05a9 08       		.byte	8
 1479 05aa 1F       		.byte	31
 1480 05ab 61       		.byte	97
 1481 05ac 25       		.byte	37
 1482 05ad 10       		.byte	16
ARM GAS  C:\Users\Walaa\AppData\Local\Temp\cc5bwU6P.s 			page 27


 1483 05ae 26       		.byte	38
 1484 05af 80       		.byte	-128
 1485 05b0 27       		.byte	39
 1486 05b1 21       		.byte	33
 1487 05b2 2E       		.byte	46
 1488 05b3 30       		.byte	48
 1489 05b4 2F       		.byte	47
 1490 05b5 62       		.byte	98
 1491 05b6 30       		.byte	48
 1492 05b7 08       		.byte	8
 1493 05b8 31       		.byte	49
 1494 05b9 04       		.byte	4
 1495 05ba 34       		.byte	52
 1496 05bb 40       		.byte	64
 1497 05bc 36       		.byte	54
 1498 05bd 80       		.byte	-128
 1499 05be 3E       		.byte	62
 1500 05bf 0C       		.byte	12
 1501 05c0 3F       		.byte	63
 1502 05c1 01       		.byte	1
 1503 05c2 42       		.byte	66
 1504 05c3 40       		.byte	64
 1505 05c4 44       		.byte	68
 1506 05c5 10       		.byte	16
 1507 05c6 45       		.byte	69
 1508 05c7 10       		.byte	16
 1509 05c8 46       		.byte	70
 1510 05c9 02       		.byte	2
 1511 05ca 48       		.byte	72
 1512 05cb 08       		.byte	8
 1513 05cc 49       		.byte	73
 1514 05cd 05       		.byte	5
 1515 05ce 4C       		.byte	76
 1516 05cf 01       		.byte	1
 1517 05d0 4E       		.byte	78
 1518 05d1 08       		.byte	8
 1519 05d2 4F       		.byte	79
 1520 05d3 28       		.byte	40
 1521 05d4 52       		.byte	82
 1522 05d5 54       		.byte	84
 1523 05d6 57       		.byte	87
 1524 05d7 02       		.byte	2
 1525 05d8 59       		.byte	89
 1526 05d9 01       		.byte	1
 1527 05da 5E       		.byte	94
 1528 05db 02       		.byte	2
 1529 05dc 62       		.byte	98
 1530 05dd 54       		.byte	84
 1531 05de 64       		.byte	100
 1532 05df 04       		.byte	4
 1533 05e0 67       		.byte	103
 1534 05e1 42       		.byte	66
 1535 05e2 6A       		.byte	106
 1536 05e3 40       		.byte	64
 1537 05e4 82       		.byte	-126
 1538 05e5 80       		.byte	-128
 1539 05e6 83       		.byte	-125
ARM GAS  C:\Users\Walaa\AppData\Local\Temp\cc5bwU6P.s 			page 28


 1540 05e7 01       		.byte	1
 1541 05e8 8B       		.byte	-117
 1542 05e9 40       		.byte	64
 1543 05ea 8C       		.byte	-116
 1544 05eb 10       		.byte	16
 1545 05ec 8E       		.byte	-114
 1546 05ed 01       		.byte	1
 1547 05ee 90       		.byte	-112
 1548 05ef 02       		.byte	2
 1549 05f0 92       		.byte	-110
 1550 05f1 15       		.byte	21
 1551 05f2 98       		.byte	-104
 1552 05f3 10       		.byte	16
 1553 05f4 9A       		.byte	-102
 1554 05f5 02       		.byte	2
 1555 05f6 9C       		.byte	-100
 1556 05f7 40       		.byte	64
 1557 05f8 9D       		.byte	-99
 1558 05f9 04       		.byte	4
 1559 05fa 9E       		.byte	-98
 1560 05fb 80       		.byte	-128
 1561 05fc A0       		.byte	-96
 1562 05fd 02       		.byte	2
 1563 05fe A2       		.byte	-94
 1564 05ff 08       		.byte	8
 1565 0600 A6       		.byte	-90
 1566 0601 04       		.byte	4
 1567 0602 AD       		.byte	-83
 1568 0603 04       		.byte	4
 1569 0604 AE       		.byte	-82
 1570 0605 12       		.byte	18
 1571 0606 AF       		.byte	-81
 1572 0607 40       		.byte	64
 1573 0608 C0       		.byte	-64
 1574 0609 F0       		.byte	-16
 1575 060a C2       		.byte	-62
 1576 060b F0       		.byte	-16
 1577 060c C4       		.byte	-60
 1578 060d F0       		.byte	-16
 1579 060e CA       		.byte	-54
 1580 060f F0       		.byte	-16
 1581 0610 CC       		.byte	-52
 1582 0611 10       		.byte	16
 1583 0612 CE       		.byte	-50
 1584 0613 C0       		.byte	-64
 1585 0614 D0       		.byte	-48
 1586 0615 71       		.byte	113
 1587 0616 D2       		.byte	-46
 1588 0617 34       		.byte	52
 1589 0618 D6       		.byte	-42
 1590 0619 81       		.byte	-127
 1591 061a D8       		.byte	-40
 1592 061b BE       		.byte	-66
 1593 061c E2       		.byte	-30
 1594 061d 20       		.byte	32
 1595 061e EA       		.byte	-22
 1596 061f 08       		.byte	8
ARM GAS  C:\Users\Walaa\AppData\Local\Temp\cc5bwU6P.s 			page 29


 1597 0620 C0       		.byte	-64
 1598 0621 10       		.byte	16
 1599 0622 C1       		.byte	-63
 1600 0623 05       		.byte	5
 1601 0624 C4       		.byte	-60
 1602 0625 06       		.byte	6
 1603 0626 C9       		.byte	-55
 1604 0627 FF       		.byte	-1
 1605 0628 CA       		.byte	-54
 1606 0629 FF       		.byte	-1
 1607 062a CB       		.byte	-53
 1608 062b FF       		.byte	-1
 1609 062c CC       		.byte	-52
 1610 062d EF       		.byte	-17
 1611 062e CD       		.byte	-51
 1612 062f 55       		.byte	85
 1613 0630 CE       		.byte	-50
 1614 0631 72       		.byte	114
 1615 0632 CF       		.byte	-49
 1616 0633 48       		.byte	72
 1617 0634 D0       		.byte	-48
 1618 0635 1C       		.byte	28
 1619 0636 DA       		.byte	-38
 1620 0637 0A       		.byte	10
 1621 0638 DD       		.byte	-35
 1622 0639 01       		.byte	1
 1623 063a DF       		.byte	-33
 1624 063b 01       		.byte	1
 1625 063c E1       		.byte	-31
 1626 063d 08       		.byte	8
 1627 063e E3       		.byte	-29
 1628 063f 08       		.byte	8
 1629 0640 E5       		.byte	-27
 1630 0641 08       		.byte	8
 1631 0642 E7       		.byte	-25
 1632 0643 08       		.byte	8
 1633 0644 E8       		.byte	-24
 1634 0645 50       		.byte	80
 1635 0646 E9       		.byte	-23
 1636 0647 0A       		.byte	10
 1637 0648 EA       		.byte	-22
 1638 0649 40       		.byte	64
 1639 064a EB       		.byte	-21
 1640 064b A8       		.byte	-88
 1641 064c EC       		.byte	-20
 1642 064d C0       		.byte	-64
 1643 064e EE       		.byte	-18
 1644 064f 40       		.byte	64
 1645 0650 EF       		.byte	-17
 1646 0651 A8       		.byte	-88
 1647 0652 05       		.byte	5
 1648 0653 92       		.byte	-110
 1649 0654 06       		.byte	6
 1650 0655 A0       		.byte	-96
 1651 0656 0C       		.byte	12
 1652 0657 02       		.byte	2
 1653 0658 0D       		.byte	13
ARM GAS  C:\Users\Walaa\AppData\Local\Temp\cc5bwU6P.s 			page 30


 1654 0659 08       		.byte	8
 1655 065a 0E       		.byte	14
 1656 065b 09       		.byte	9
 1657 065c 14       		.byte	20
 1658 065d 40       		.byte	64
 1659 065e 16       		.byte	22
 1660 065f 0A       		.byte	10
 1661 0660 17       		.byte	23
 1662 0661 04       		.byte	4
 1663 0662 1D       		.byte	29
 1664 0663 10       		.byte	16
 1665 0664 1E       		.byte	30
 1666 0665 21       		.byte	33
 1667 0666 24       		.byte	36
 1668 0667 02       		.byte	2
 1669 0668 25       		.byte	37
 1670 0669 0C       		.byte	12
 1671 066a 26       		.byte	38
 1672 066b 08       		.byte	8
 1673 066c 27       		.byte	39
 1674 066d 04       		.byte	4
 1675 066e 2C       		.byte	44
 1676 066f 02       		.byte	2
 1677 0670 2E       		.byte	46
 1678 0671 29       		.byte	41
 1679 0672 30       		.byte	48
 1680 0673 10       		.byte	16
 1681 0674 31       		.byte	49
 1682 0675 10       		.byte	16
 1683 0676 35       		.byte	53
 1684 0677 92       		.byte	-110
 1685 0678 36       		.byte	54
 1686 0679 08       		.byte	8
 1687 067a 3D       		.byte	61
 1688 067b 40       		.byte	64
 1689 067c 3E       		.byte	62
 1690 067d 16       		.byte	22
 1691 067e 40       		.byte	64
 1692 067f 02       		.byte	2
 1693 0680 44       		.byte	68
 1694 0681 02       		.byte	2
 1695 0682 46       		.byte	70
 1696 0683 01       		.byte	1
 1697 0684 4B       		.byte	75
 1698 0685 50       		.byte	80
 1699 0686 4F       		.byte	79
 1700 0687 50       		.byte	80
 1701 0688 57       		.byte	87
 1702 0689 20       		.byte	32
 1703 068a 5E       		.byte	94
 1704 068b 40       		.byte	64
 1705 068c 6D       		.byte	109
 1706 068d 40       		.byte	64
 1707 068e 6E       		.byte	110
 1708 068f 14       		.byte	20
 1709 0690 75       		.byte	117
 1710 0691 80       		.byte	-128
ARM GAS  C:\Users\Walaa\AppData\Local\Temp\cc5bwU6P.s 			page 31


 1711 0692 76       		.byte	118
 1712 0693 28       		.byte	40
 1713 0694 79       		.byte	121
 1714 0695 08       		.byte	8
 1715 0696 7F       		.byte	127
 1716 0697 40       		.byte	64
 1717 0698 84       		.byte	-124
 1718 0699 01       		.byte	1
 1719 069a 87       		.byte	-121
 1720 069b 40       		.byte	64
 1721 069c 92       		.byte	-110
 1722 069d 40       		.byte	64
 1723 069e 93       		.byte	-109
 1724 069f 10       		.byte	16
 1725 06a0 95       		.byte	-107
 1726 06a1 08       		.byte	8
 1727 06a2 96       		.byte	-106
 1728 06a3 01       		.byte	1
 1729 06a4 97       		.byte	-105
 1730 06a5 80       		.byte	-128
 1731 06a6 9A       		.byte	-102
 1732 06a7 01       		.byte	1
 1733 06a8 9C       		.byte	-100
 1734 06a9 01       		.byte	1
 1735 06aa 9D       		.byte	-99
 1736 06ab 94       		.byte	-108
 1737 06ac 9E       		.byte	-98
 1738 06ad 28       		.byte	40
 1739 06ae A0       		.byte	-96
 1740 06af 02       		.byte	2
 1741 06b0 A5       		.byte	-91
 1742 06b1 04       		.byte	4
 1743 06b2 A6       		.byte	-90
 1744 06b3 10       		.byte	16
 1745 06b4 A7       		.byte	-89
 1746 06b5 20       		.byte	32
 1747 06b6 AA       		.byte	-86
 1748 06b7 04       		.byte	4
 1749 06b8 B4       		.byte	-76
 1750 06b9 10       		.byte	16
 1751 06ba B6       		.byte	-74
 1752 06bb 01       		.byte	1
 1753 06bc C0       		.byte	-64
 1754 06bd F0       		.byte	-16
 1755 06be C2       		.byte	-62
 1756 06bf F0       		.byte	-16
 1757 06c0 C4       		.byte	-60
 1758 06c1 F0       		.byte	-16
 1759 06c2 CA       		.byte	-54
 1760 06c3 F0       		.byte	-16
 1761 06c4 CC       		.byte	-52
 1762 06c5 F0       		.byte	-16
 1763 06c6 CE       		.byte	-50
 1764 06c7 F0       		.byte	-16
 1765 06c8 D0       		.byte	-48
 1766 06c9 18       		.byte	24
 1767 06ca D2       		.byte	-46
ARM GAS  C:\Users\Walaa\AppData\Local\Temp\cc5bwU6P.s 			page 32


 1768 06cb 3C       		.byte	60
 1769 06cc D6       		.byte	-42
 1770 06cd 10       		.byte	16
 1771 06ce DE       		.byte	-34
 1772 06cf 82       		.byte	-126
 1773 06d0 E2       		.byte	-30
 1774 06d1 02       		.byte	2
 1775 06d2 E6       		.byte	-26
 1776 06d3 02       		.byte	2
 1777 06d4 40       		.byte	64
 1778 06d5 60       		.byte	96
 1779 06d6 41       		.byte	65
 1780 06d7 05       		.byte	5
 1781 06d8 44       		.byte	68
 1782 06d9 03       		.byte	3
 1783 06da 49       		.byte	73
 1784 06db FF       		.byte	-1
 1785 06dc 4A       		.byte	74
 1786 06dd FF       		.byte	-1
 1787 06de 4B       		.byte	75
 1788 06df FF       		.byte	-1
 1789 06e0 4C       		.byte	76
 1790 06e1 EF       		.byte	-17
 1791 06e2 4D       		.byte	77
 1792 06e3 55       		.byte	85
 1793 06e4 4E       		.byte	78
 1794 06e5 72       		.byte	114
 1795 06e6 4F       		.byte	79
 1796 06e7 48       		.byte	72
 1797 06e8 50       		.byte	80
 1798 06e9 1C       		.byte	28
 1799 06ea 52       		.byte	82
 1800 06eb 01       		.byte	1
 1801 06ec 5A       		.byte	90
 1802 06ed 0B       		.byte	11
 1803 06ee 5B       		.byte	91
 1804 06ef 0B       		.byte	11
 1805 06f0 5D       		.byte	93
 1806 06f1 11       		.byte	17
 1807 06f2 5F       		.byte	95
 1808 06f3 01       		.byte	1
 1809 06f4 61       		.byte	97
 1810 06f5 08       		.byte	8
 1811 06f6 63       		.byte	99
 1812 06f7 08       		.byte	8
 1813 06f8 65       		.byte	101
 1814 06f9 08       		.byte	8
 1815 06fa 67       		.byte	103
 1816 06fb 08       		.byte	8
 1817 06fc 68       		.byte	104
 1818 06fd 50       		.byte	80
 1819 06fe 69       		.byte	105
 1820 06ff 0A       		.byte	10
 1821 0700 6A       		.byte	106
 1822 0701 40       		.byte	64
 1823 0702 6B       		.byte	107
 1824 0703 A8       		.byte	-88
ARM GAS  C:\Users\Walaa\AppData\Local\Temp\cc5bwU6P.s 			page 33


 1825 0704 6C       		.byte	108
 1826 0705 C0       		.byte	-64
 1827 0706 6E       		.byte	110
 1828 0707 40       		.byte	64
 1829 0708 6F       		.byte	111
 1830 0709 A8       		.byte	-88
 1831 070a C0       		.byte	-64
 1832 070b 60       		.byte	96
 1833 070c C1       		.byte	-63
 1834 070d 05       		.byte	5
 1835 070e C4       		.byte	-60
 1836 070f 03       		.byte	3
 1837 0710 C5       		.byte	-59
 1838 0711 C0       		.byte	-64
 1839 0712 C6       		.byte	-58
 1840 0713 DE       		.byte	-34
 1841 0714 C7       		.byte	-57
 1842 0715 0F       		.byte	15
 1843 0716 C8       		.byte	-56
 1844 0717 1E       		.byte	30
 1845 0718 C9       		.byte	-55
 1846 0719 FF       		.byte	-1
 1847 071a CA       		.byte	-54
 1848 071b FF       		.byte	-1
 1849 071c CB       		.byte	-53
 1850 071d FF       		.byte	-1
 1851 071e CC       		.byte	-52
 1852 071f EA       		.byte	-22
 1853 0720 CD       		.byte	-51
 1854 0721 55       		.byte	85
 1855 0722 CE       		.byte	-50
 1856 0723 F2       		.byte	-14
 1857 0724 CF       		.byte	-49
 1858 0725 48       		.byte	72
 1859 0726 D0       		.byte	-48
 1860 0727 1C       		.byte	28
 1861 0728 D4       		.byte	-44
 1862 0729 01       		.byte	1
 1863 072a D6       		.byte	-42
 1864 072b 04       		.byte	4
 1865 072c DA       		.byte	-38
 1866 072d 0B       		.byte	11
 1867 072e DB       		.byte	-37
 1868 072f 0B       		.byte	11
 1869 0730 DD       		.byte	-35
 1870 0731 11       		.byte	17
 1871 0732 DF       		.byte	-33
 1872 0733 01       		.byte	1
 1873 0734 E1       		.byte	-31
 1874 0735 08       		.byte	8
 1875 0736 E3       		.byte	-29
 1876 0737 08       		.byte	8
 1877 0738 E5       		.byte	-27
 1878 0739 08       		.byte	8
 1879 073a E7       		.byte	-25
 1880 073b 08       		.byte	8
 1881 073c E8       		.byte	-24
ARM GAS  C:\Users\Walaa\AppData\Local\Temp\cc5bwU6P.s 			page 34


 1882 073d 50       		.byte	80
 1883 073e E9       		.byte	-23
 1884 073f 0A       		.byte	10
 1885 0740 EA       		.byte	-22
 1886 0741 40       		.byte	64
 1887 0742 EB       		.byte	-21
 1888 0743 A8       		.byte	-88
 1889 0744 EC       		.byte	-20
 1890 0745 C0       		.byte	-64
 1891 0746 EE       		.byte	-18
 1892 0747 40       		.byte	64
 1893 0748 EF       		.byte	-17
 1894 0749 A8       		.byte	-88
 1895 074a 42       		.byte	66
 1896 074b 20       		.byte	32
 1897 074c 46       		.byte	70
 1898 074d 20       		.byte	32
 1899 074e 47       		.byte	71
 1900 074f 08       		.byte	8
 1901 0750 48       		.byte	72
 1902 0751 02       		.byte	2
 1903 0752 49       		.byte	73
 1904 0753 01       		.byte	1
 1905 0754 4A       		.byte	74
 1906 0755 08       		.byte	8
 1907 0756 4C       		.byte	76
 1908 0757 02       		.byte	2
 1909 0758 4E       		.byte	78
 1910 0759 08       		.byte	8
 1911 075a 51       		.byte	81
 1912 075b A8       		.byte	-88
 1913 075c 59       		.byte	89
 1914 075d 01       		.byte	1
 1915 075e 5A       		.byte	90
 1916 075f 40       		.byte	64
 1917 0760 61       		.byte	97
 1918 0761 AA       		.byte	-86
 1919 0762 6C       		.byte	108
 1920 0763 02       		.byte	2
 1921 0764 6E       		.byte	110
 1922 0765 80       		.byte	-128
 1923 0766 79       		.byte	121
 1924 0767 01       		.byte	1
 1925 0768 7D       		.byte	125
 1926 0769 01       		.byte	1
 1927 076a 85       		.byte	-123
 1928 076b 02       		.byte	2
 1929 076c 86       		.byte	-122
 1930 076d 40       		.byte	64
 1931 076e 91       		.byte	-111
 1932 076f 01       		.byte	1
 1933 0770 92       		.byte	-110
 1934 0771 40       		.byte	64
 1935 0772 9F       		.byte	-97
 1936 0773 08       		.byte	8
 1937 0774 A2       		.byte	-94
 1938 0775 08       		.byte	8
ARM GAS  C:\Users\Walaa\AppData\Local\Temp\cc5bwU6P.s 			page 35


 1939 0776 B6       		.byte	-74
 1940 0777 48       		.byte	72
 1941 0778 D0       		.byte	-48
 1942 0779 42       		.byte	66
 1943 077a D2       		.byte	-46
 1944 077b 3C       		.byte	60
 1945 077c D6       		.byte	-42
 1946 077d 09       		.byte	9
 1947 077e D8       		.byte	-40
 1948 077f 0F       		.byte	15
 1949 0780 DE       		.byte	-34
 1950 0781 81       		.byte	-127
 1951 0782 EC       		.byte	-20
 1952 0783 40       		.byte	64
 1953 0784 B9       		.byte	-71
 1954 0785 20       		.byte	32
 1955 0786 BF       		.byte	-65
 1956 0787 10       		.byte	16
 1957 0788 D9       		.byte	-39
 1958 0789 04       		.byte	4
 1959 078a DF       		.byte	-33
 1960 078b 01       		.byte	1
 1961 078c 27       		.byte	39
 1962 078d 08       		.byte	8
 1963 078e 9F       		.byte	-97
 1964 078f 08       		.byte	8
 1965 0790 AD       		.byte	-83
 1966 0791 01       		.byte	1
 1967 0792 30       		.byte	48
 1968 0793 40       		.byte	64
 1969 0794 35       		.byte	53
 1970 0795 20       		.byte	32
 1971 0796 89       		.byte	-119
 1972 0797 20       		.byte	32
 1973 0798 CC       		.byte	-52
 1974 0799 30       		.byte	48
 1975 079a 03       		.byte	3
 1976 079b 80       		.byte	-128
 1977 079c 53       		.byte	83
 1978 079d 04       		.byte	4
 1979 079e 6F       		.byte	111
 1980 079f 02       		.byte	2
 1981 07a0 80       		.byte	-128
 1982 07a1 01       		.byte	1
 1983 07a2 84       		.byte	-124
 1984 07a3 40       		.byte	64
 1985 07a4 87       		.byte	-121
 1986 07a5 02       		.byte	2
 1987 07a6 9C       		.byte	-100
 1988 07a7 40       		.byte	64
 1989 07a8 9D       		.byte	-99
 1990 07a9 20       		.byte	32
 1991 07aa A1       		.byte	-95
 1992 07ab 20       		.byte	32
 1993 07ac C0       		.byte	-64
 1994 07ad 10       		.byte	16
 1995 07ae D4       		.byte	-44
ARM GAS  C:\Users\Walaa\AppData\Local\Temp\cc5bwU6P.s 			page 36


 1996 07af 20       		.byte	32
 1997 07b0 DA       		.byte	-38
 1998 07b1 80       		.byte	-128
 1999 07b2 E2       		.byte	-30
 2000 07b3 90       		.byte	-112
 2001 07b4 E6       		.byte	-26
 2002 07b5 10       		.byte	16
 2003 07b6 11       		.byte	17
 2004 07b7 10       		.byte	16
 2005 07b8 12       		.byte	18
 2006 07b9 80       		.byte	-128
 2007 07ba 17       		.byte	23
 2008 07bb 04       		.byte	4
 2009 07bc 1B       		.byte	27
 2010 07bd 04       		.byte	4
 2011 07be 3F       		.byte	63
 2012 07bf 08       		.byte	8
 2013 07c0 60       		.byte	96
 2014 07c1 01       		.byte	1
 2015 07c2 61       		.byte	97
 2016 07c3 20       		.byte	32
 2017 07c4 87       		.byte	-121
 2018 07c5 08       		.byte	8
 2019 07c6 90       		.byte	-112
 2020 07c7 01       		.byte	1
 2021 07c8 9D       		.byte	-99
 2022 07c9 20       		.byte	32
 2023 07ca A1       		.byte	-95
 2024 07cb 20       		.byte	32
 2025 07cc AB       		.byte	-85
 2026 07cd 80       		.byte	-128
 2027 07ce AF       		.byte	-81
 2028 07cf 04       		.byte	4
 2029 07d0 C4       		.byte	-60
 2030 07d1 70       		.byte	112
 2031 07d2 C6       		.byte	-58
 2032 07d3 10       		.byte	16
 2033 07d4 CE       		.byte	-50
 2034 07d5 80       		.byte	-128
 2035 07d6 D6       		.byte	-42
 2036 07d7 40       		.byte	64
 2037 07d8 D8       		.byte	-40
 2038 07d9 40       		.byte	64
 2039 07da E2       		.byte	-30
 2040 07db 10       		.byte	16
 2041 07dc EC       		.byte	-20
 2042 07dd 20       		.byte	32
 2043 07de EE       		.byte	-18
 2044 07df 10       		.byte	16
 2045 07e0 66       		.byte	102
 2046 07e1 02       		.byte	2
 2047 07e2 6F       		.byte	111
 2048 07e3 40       		.byte	64
 2049 07e4 73       		.byte	115
 2050 07e5 80       		.byte	-128
 2051 07e6 83       		.byte	-125
 2052 07e7 C0       		.byte	-64
ARM GAS  C:\Users\Walaa\AppData\Local\Temp\cc5bwU6P.s 			page 37


 2053 07e8 9B       		.byte	-101
 2054 07e9 08       		.byte	8
 2055 07ea 9D       		.byte	-99
 2056 07eb 20       		.byte	32
 2057 07ec AA       		.byte	-86
 2058 07ed 80       		.byte	-128
 2059 07ee AB       		.byte	-85
 2060 07ef 04       		.byte	4
 2061 07f0 AD       		.byte	-83
 2062 07f1 10       		.byte	16
 2063 07f2 D8       		.byte	-40
 2064 07f3 80       		.byte	-128
 2065 07f4 DC       		.byte	-36
 2066 07f5 C0       		.byte	-64
 2067 07f6 E2       		.byte	-30
 2068 07f7 80       		.byte	-128
 2069 07f8 E6       		.byte	-26
 2070 07f9 80       		.byte	-128
 2071 07fa E8       		.byte	-24
 2072 07fb 80       		.byte	-128
 2073 07fc EC       		.byte	-20
 2074 07fd 30       		.byte	48
 2075 07fe 9B       		.byte	-101
 2076 07ff 08       		.byte	8
 2077 0800 9D       		.byte	-99
 2078 0801 20       		.byte	32
 2079 0802 AA       		.byte	-86
 2080 0803 02       		.byte	2
 2081 0804 EE       		.byte	-18
 2082 0805 20       		.byte	32
 2083 0806 0D       		.byte	13
 2084 0807 40       		.byte	64
 2085 0808 5F       		.byte	95
 2086 0809 08       		.byte	8
 2087 080a 81       		.byte	-127
 2088 080b 40       		.byte	64
 2089 080c 89       		.byte	-119
 2090 080d 20       		.byte	32
 2091 080e 9B       		.byte	-101
 2092 080f 08       		.byte	8
 2093 0810 9D       		.byte	-99
 2094 0811 20       		.byte	32
 2095 0812 C2       		.byte	-62
 2096 0813 80       		.byte	-128
 2097 0814 D6       		.byte	-42
 2098 0815 80       		.byte	-128
 2099 0816 E0       		.byte	-32
 2100 0817 80       		.byte	-128
 2101 0818 00       		.byte	0
 2102 0819 06       		.byte	6
 2103 081a 01       		.byte	1
 2104 081b 01       		.byte	1
 2105 081c 08       		.byte	8
 2106 081d 06       		.byte	6
 2107 081e 09       		.byte	9
 2108 081f 01       		.byte	1
 2109 0820 0A       		.byte	10
ARM GAS  C:\Users\Walaa\AppData\Local\Temp\cc5bwU6P.s 			page 38


 2110 0821 06       		.byte	6
 2111 0822 0B       		.byte	11
 2112 0823 01       		.byte	1
 2113 0824 10       		.byte	16
 2114 0825 06       		.byte	6
 2115 0826 1A       		.byte	26
 2116 0827 06       		.byte	6
 2117 0828 1C       		.byte	28
 2118 0829 02       		.byte	2
 2119 082a 00       		.byte	0
 2120 082b 0F       		.byte	15
 2121 082c 04       		.byte	4
 2122 082d 0C       		.byte	12
 2123 082e 00       		.byte	0
 2124 082f 00       		.byte	0
 2125 0830 00       		.byte	0
 2126 0831 02       		.byte	2
 2127 0832 20       		.byte	32
 2128 0833 14       		.byte	20
 2129 0834 07       		.byte	7
 2130 0835 06       		.byte	6
 2131 0836 00       		.byte	0
 2132 0837 00       		.byte	0
 2133 0838 19       		.byte	25
 2134 0839 00       		.byte	0
 2135 083a 06       		.byte	6
 2136 083b 00       		.byte	0
 2137 083c 14       		.byte	20
 2138 083d 00       		.byte	0
 2139 083e 01       		.byte	1
 2140 083f 00       		.byte	0
 2141 0840 00       		.byte	0
 2142 0841 00       		.byte	0
 2143 0842 58       		.byte	88
 2144 0843 00       		.byte	0
 2145 0844 00       		.byte	0
 2146 0845 00       		.byte	0
 2147 0846 18       		.byte	24
 2148 0847 00       		.byte	0
 2149 0848 00       		.byte	0
 2150 0849 00       		.byte	0
 2151 084a 20       		.byte	32
 2152 084b 00       		.byte	0
 2153 084c 00       		.byte	0
 2154 084d 04       		.byte	4
 2155 084e 58       		.byte	88
 2156 084f 12       		.byte	18
 2157 0850 0A       		.byte	10
 2158 0851 00       		.byte	0
 2159 0852 01       		.byte	1
 2160 0853 01       		.byte	1
 2161 0854 58       		.byte	88
 2162 0855 00       		.byte	0
 2163 0856 00       		.byte	0
 2164 0857 08       		.byte	8
 2165 0858 07       		.byte	7
 2166 0859 06       		.byte	6
ARM GAS  C:\Users\Walaa\AppData\Local\Temp\cc5bwU6P.s 			page 39


 2167 085a 00       		.byte	0
 2168 085b 00       		.byte	0
 2169 085c 58       		.byte	88
 2170 085d 00       		.byte	0
 2171 085e 00       		.byte	0
 2172 085f 01       		.byte	1
 2173 0860 20       		.byte	32
 2174 0861 00       		.byte	0
 2175 0862 18       		.byte	24
 2176 0863 01       		.byte	1
 2177 0864 07       		.byte	7
 2178 0865 18       		.byte	24
 2179 0866 40       		.byte	64
 2180 0867 06       		.byte	6
 2181 0868 80       		.byte	-128
 2182 0869 00       		.byte	0
 2183 086a 00       		.byte	0
 2184 086b 00       		.byte	0
 2185 086c 00       		.byte	0
 2186 086d 00       		.byte	0
 2187 086e 01       		.byte	1
 2188 086f 14       		.byte	20
 2189 0870 16       		.byte	22
 2190 0871 03       		.byte	3
 2191 0872 05       		.byte	5
 2192 0873 00       		.byte	0
 2193 0874 02       		.byte	2
 2194 0875 0C       		.byte	12
 2195 0876 00       		.byte	0
 2196 0877 E0       		.byte	-32
 2197 0878 21       		.byte	33
 2198 0879 FF       		.byte	-1
 2199 087a FF       		.byte	-1
 2200 087b FF       		.byte	-1
 2201 087c 62       		.byte	98
 2202 087d A0       		.byte	-96
 2203 087e F0       		.byte	-16
 2204 087f 41       		.byte	65
 2205 0880 0C       		.byte	12
 2206 0881 00       		.byte	0
 2207 0882 00       		.byte	0
 2208 0883 00       		.byte	0
 2209 0884 18       		.byte	24
 2210 0885 00       		.byte	0
 2211 0886 04       		.byte	4
 2212 0887 00       		.byte	0
 2213 0888 04       		.byte	4
 2214 0889 04       		.byte	4
 2215 088a 04       		.byte	4
 2216 088b 04       		.byte	4
 2217 088c 22       		.byte	34
 2218 088d 22       		.byte	34
 2219 088e 00       		.byte	0
 2220 088f 01       		.byte	1
 2221 0890 00       		.byte	0
 2222 0891 00       		.byte	0
 2223 0892 00       		.byte	0
ARM GAS  C:\Users\Walaa\AppData\Local\Temp\cc5bwU6P.s 			page 40


 2224 0893 00       		.byte	0
 2225 0894 00       		.byte	0
 2226 0895 00       		.byte	0
 2227 0896 40       		.byte	64
 2228 0897 02       		.byte	2
 2229 0898 00       		.byte	0
 2230 0899 10       		.byte	16
 2231 089a 30       		.byte	48
 2232 089b 10       		.byte	16
 2233 089c 00       		.byte	0
 2234 089d 10       		.byte	16
 2235 089e 10       		.byte	16
 2236 089f 12       		.byte	18
 2237 08a0 00       		.byte	0
 2238 08a1 00       		.byte	0
 2239 08a2 00       		.byte	0
 2240 08a3 00       		.byte	0
 2241 08a4 00       		.byte	0
 2242 08a5 00       		.byte	0
 2243 08a6 00       		.byte	0
 2244 08a7 00       		.byte	0
 2245 08a8 00       		.byte	0
 2246 08a9 00       		.byte	0
 2247 08aa 00       		.byte	0
 2248 08ab 00       		.byte	0
 2249 08ac 00       		.byte	0
 2250 08ad 00       		.byte	0
 2251 08ae 00       		.byte	0
 2252 08af 00       		.byte	0
 2253 08b0 41       		.byte	65
 2254 08b1 04       		.byte	4
 2255 08b2 00       		.byte	0
 2256 08b3 18       		.byte	24
 2257 08b4 0C       		.byte	12
 2258 08b5 02       		.byte	2
 2259 08b6 00       		.byte	0
 2260 08b7 00       		.byte	0
 2261 08b8 7F       		.byte	127
 2262 08b9 02       		.byte	2
 2263 08ba 00       		.byte	0
 2264 08bb 00       		.byte	0
 2265 08bc 08       		.byte	8
 2266 08bd 02       		.byte	2
 2267 08be 00       		.byte	0
 2268 08bf 00       		.byte	0
 2269 08c0 4F       		.byte	79
 2270 08c1 00       		.byte	0
 2271 08c2 10       		.byte	16
 2272 08c3 01       		.byte	1
 2273 08c4 00       		.byte	0
 2274 08c5 00       		.byte	0
 2275 08c6 33       		.byte	51
 2276 08c7 04       		.byte	4
 2277 08c8 03       		.byte	3
 2278 08c9 1C       		.byte	28
 2279 08ca 00       		.byte	0
 2280 08cb 00       		.byte	0
ARM GAS  C:\Users\Walaa\AppData\Local\Temp\cc5bwU6P.s 			page 41


 2281 08cc 4C       		.byte	76
 2282 08cd 10       		.byte	16
 2283 08ce 23       		.byte	35
 2284 08cf 00       		.byte	0
 2285 08d0 02       		.byte	2
 2286 08d1 1C       		.byte	28
 2287 08d2 00       		.byte	0
 2288 08d3 00       		.byte	0
 2289 08d4 00       		.byte	0
 2290 08d5 08       		.byte	8
 2291 08d6 40       		.byte	64
 2292 08d7 00       		.byte	0
 2293 08d8 04       		.byte	4
 2294 08d9 18       		.byte	24
 2295 08da 00       		.byte	0
 2296 08db 00       		.byte	0
 2297 08dc 73       		.byte	115
 2298 08dd 18       		.byte	24
 2299 08de 0C       		.byte	12
 2300 08df 04       		.byte	4
 2301 08e0 00       		.byte	0
 2302 08e1 00       		.byte	0
 2303 08e2 0F       		.byte	15
 2304 08e3 02       		.byte	2
 2305 08e4 00       		.byte	0
 2306 08e5 01       		.byte	1
 2307 08e6 7C       		.byte	124
 2308 08e7 1C       		.byte	28
 2309 08e8 00       		.byte	0
 2310 08e9 00       		.byte	0
 2311 08ea A8       		.byte	-88
 2312 08eb 00       		.byte	0
 2313 08ec 00       		.byte	0
 2314 08ed 00       		.byte	0
 2315 08ee 00       		.byte	0
 2316 08ef 00       		.byte	0
 2317 08f0 10       		.byte	16
 2318 08f1 05       		.byte	5
 2319 08f2 00       		.byte	0
 2320 08f3 00       		.byte	0
 2321 08f4 06       		.byte	6
 2322 08f5 00       		.byte	0
 2323 08f6 B0       		.byte	-80
 2324 08f7 00       		.byte	0
 2325 08f8 08       		.byte	8
 2326 08f9 FF       		.byte	-1
 2327 08fa FF       		.byte	-1
 2328 08fb FF       		.byte	-1
 2329 08fc EF       		.byte	-17
 2330 08fd 55       		.byte	85
 2331 08fe 70       		.byte	112
 2332 08ff 48       		.byte	72
 2333 0900 1C       		.byte	28
 2334 0901 00       		.byte	0
 2335 0902 00       		.byte	0
 2336 0903 00       		.byte	0
 2337 0904 00       		.byte	0
ARM GAS  C:\Users\Walaa\AppData\Local\Temp\cc5bwU6P.s 			page 42


 2338 0905 00       		.byte	0
 2339 0906 02       		.byte	2
 2340 0907 10       		.byte	16
 2341 0908 04       		.byte	4
 2342 0909 04       		.byte	4
 2343 090a 0B       		.byte	11
 2344 090b 04       		.byte	4
 2345 090c 22       		.byte	34
 2346 090d 21       		.byte	33
 2347 090e 00       		.byte	0
 2348 090f 01       		.byte	1
 2349 0910 00       		.byte	0
 2350 0911 08       		.byte	8
 2351 0912 00       		.byte	0
 2352 0913 08       		.byte	8
 2353 0914 00       		.byte	0
 2354 0915 08       		.byte	8
 2355 0916 00       		.byte	0
 2356 0917 08       		.byte	8
 2357 0918 50       		.byte	80
 2358 0919 0A       		.byte	10
 2359 091a 40       		.byte	64
 2360 091b A8       		.byte	-88
 2361 091c C0       		.byte	-64
 2362 091d 00       		.byte	0
 2363 091e 40       		.byte	64
 2364 091f A8       		.byte	-88
 2365 0920 00       		.byte	0
 2366 0921 00       		.byte	0
 2367 0922 00       		.byte	0
 2368 0923 00       		.byte	0
 2369 0924 00       		.byte	0
 2370 0925 00       		.byte	0
 2371 0926 00       		.byte	0
 2372 0927 00       		.byte	0
 2373 0928 00       		.byte	0
 2374 0929 00       		.byte	0
 2375 092a 00       		.byte	0
 2376 092b 00       		.byte	0
 2377 092c 00       		.byte	0
 2378 092d 00       		.byte	0
 2379 092e 00       		.byte	0
 2380 092f 00       		.byte	0
 2381 0930 01       		.byte	1
 2382 0931 00       		.byte	0
 2383 0932 00       		.byte	0
 2384 0933 01       		.byte	1
 2385 0934 00       		.byte	0
 2386 0935 00       		.byte	0
 2387 0936 01       		.byte	1
 2388 0937 01       		.byte	1
 2389 0938 00       		.byte	0
 2390 0939 00       		.byte	0
 2391 093a 00       		.byte	0
 2392 093b 00       		.byte	0
 2393 093c 00       		.byte	0
 2394 093d 0B       		.byte	11
ARM GAS  C:\Users\Walaa\AppData\Local\Temp\cc5bwU6P.s 			page 43


 2395 093e 0B       		.byte	11
 2396 093f 00       		.byte	0
 2397 0940 00       		.byte	0
 2398 0941 00       		.byte	0
 2399 0942 00       		.byte	0
 2400 0943 00       		.byte	0
 2401 0944 00       		.byte	0
 2402 0945 7F       		.byte	127
 2403 0946 7F       		.byte	127
 2404 0947 00       		.byte	0
 2405 0948 00       		.byte	0
 2406 0949 00       		.byte	0
 2407 094a 00       		.byte	0
 2408 094b 00       		.byte	0
 2409 094c 40       		.byte	64
 2410 094d 00       		.byte	0
 2411 094e 80       		.byte	-128
 2412 094f 40       		.byte	64
 2413 0950 40       		.byte	64
 2414 0951 00       		.byte	0
 2415 0952 40       		.byte	64
 2416 0953 00       		.byte	0
 2417 0954 00       		.byte	0
 2418 0955 00       		.byte	0
 2419 0956 00       		.byte	0
 2420 0957 00       		.byte	0
 2421              		.section	.cywolatch,"a",%progbits
 2422              		.align	2
 2423              		.type	cy_meta_wonvl, %object
 2424              		.size	cy_meta_wonvl, 4
 2425              	cy_meta_wonvl:
 2426 0000 BC       		.byte	-68
 2427 0001 90       		.byte	-112
 2428 0002 AC       		.byte	-84
 2429 0003 AF       		.byte	-81
 2430              		.section	.cycustnvl,"a",%progbits
 2431              		.align	2
 2432              		.type	cy_meta_custnvl, %object
 2433              		.size	cy_meta_custnvl, 4
 2434              	cy_meta_custnvl:
 2435 0000 00       		.byte	0
 2436 0001 00       		.byte	0
 2437 0002 40       		.byte	64
 2438 0003 05       		.byte	5
 2439              		.section	.cymeta,"a",%progbits
 2440              		.align	2
 2441              		.type	cy_metadata, %object
 2442              		.size	cy_metadata, 12
 2443              	cy_metadata:
 2444 0000 00       		.byte	0
 2445 0001 01       		.byte	1
 2446 0002 2E       		.byte	46
 2447 0003 11       		.byte	17
 2448 0004 E0       		.byte	-32
 2449 0005 69       		.byte	105
 2450 0006 00       		.byte	0
 2451 0007 01       		.byte	1
ARM GAS  C:\Users\Walaa\AppData\Local\Temp\cc5bwU6P.s 			page 44


 2452 0008 00       		.byte	0
 2453 0009 00       		.byte	0
 2454 000a 00       		.byte	0
 2455 000b 00       		.byte	0
 2456              		.section	.cyflashprotect,"a",%progbits
 2457              		.align	2
 2458              		.type	cy_meta_flashprotect, %object
 2459              		.size	cy_meta_flashprotect, 256
 2460              	cy_meta_flashprotect:
 2461 0000 00000000 		.space	256
 2461      00000000 
 2461      00000000 
 2461      00000000 
 2461      00000000 
 2462              		.text
 2463              	.Letext0:
 2464              		.file 1 "c:\\program files (x86)\\cypress\\psoc creator\\4.2\\psoc creator\\import\\gnu\\arm\\5.4.
 2465              		.file 2 "c:\\program files (x86)\\cypress\\psoc creator\\4.2\\psoc creator\\import\\gnu\\arm\\5.4.
 2466              		.file 3 "Generated_Source\\PSoC5\\cymetadata.c"
 2467              		.section	.debug_info,"",%progbits
 2468              	.Ldebug_info0:
 2469 0000 35010000 		.4byte	0x135
 2470 0004 0400     		.2byte	0x4
 2471 0006 00000000 		.4byte	.Ldebug_abbrev0
 2472 000a 04       		.byte	0x4
 2473 000b 01       		.uleb128 0x1
 2474 000c 6D000000 		.4byte	.LASF17
 2475 0010 0C       		.byte	0xc
 2476 0011 C7010000 		.4byte	.LASF18
 2477 0015 0A000000 		.4byte	.LASF19
 2478 0019 00000000 		.4byte	.Ldebug_line0
 2479 001d 02       		.uleb128 0x2
 2480 001e 01       		.byte	0x1
 2481 001f 06       		.byte	0x6
 2482 0020 BB010000 		.4byte	.LASF0
 2483 0024 03       		.uleb128 0x3
 2484 0025 00000000 		.4byte	.LASF9
 2485 0029 01       		.byte	0x1
 2486 002a 1D       		.byte	0x1d
 2487 002b 2F000000 		.4byte	0x2f
 2488 002f 02       		.uleb128 0x2
 2489 0030 01       		.byte	0x1
 2490 0031 08       		.byte	0x8
 2491 0032 5F000000 		.4byte	.LASF1
 2492 0036 02       		.uleb128 0x2
 2493 0037 02       		.byte	0x2
 2494 0038 05       		.byte	0x5
 2495 0039 A8010000 		.4byte	.LASF2
 2496 003d 02       		.uleb128 0x2
 2497 003e 02       		.byte	0x2
 2498 003f 07       		.byte	0x7
 2499 0040 0D010000 		.4byte	.LASF3
 2500 0044 02       		.uleb128 0x2
 2501 0045 04       		.byte	0x4
 2502 0046 05       		.byte	0x5
 2503 0047 B2010000 		.4byte	.LASF4
 2504 004b 02       		.uleb128 0x2
ARM GAS  C:\Users\Walaa\AppData\Local\Temp\cc5bwU6P.s 			page 45


 2505 004c 04       		.byte	0x4
 2506 004d 07       		.byte	0x7
 2507 004e FB000000 		.4byte	.LASF5
 2508 0052 02       		.uleb128 0x2
 2509 0053 08       		.byte	0x8
 2510 0054 05       		.byte	0x5
 2511 0055 9A010000 		.4byte	.LASF6
 2512 0059 02       		.uleb128 0x2
 2513 005a 08       		.byte	0x8
 2514 005b 07       		.byte	0x7
 2515 005c 4F010000 		.4byte	.LASF7
 2516 0060 04       		.uleb128 0x4
 2517 0061 04       		.byte	0x4
 2518 0062 05       		.byte	0x5
 2519 0063 696E7400 		.ascii	"int\000"
 2520 0067 02       		.uleb128 0x2
 2521 0068 04       		.byte	0x4
 2522 0069 07       		.byte	0x7
 2523 006a 42010000 		.4byte	.LASF8
 2524 006e 03       		.uleb128 0x3
 2525 006f 66010000 		.4byte	.LASF10
 2526 0073 02       		.byte	0x2
 2527 0074 18       		.byte	0x18
 2528 0075 24000000 		.4byte	0x24
 2529 0079 05       		.uleb128 0x5
 2530 007a 91000000 		.4byte	0x91
 2531 007e 8A000000 		.4byte	0x8a
 2532 0082 06       		.uleb128 0x6
 2533 0083 8A000000 		.4byte	0x8a
 2534 0087 5709     		.2byte	0x957
 2535 0089 00       		.byte	0
 2536 008a 02       		.uleb128 0x2
 2537 008b 04       		.byte	0x4
 2538 008c 07       		.byte	0x7
 2539 008d 91010000 		.4byte	.LASF11
 2540 0091 07       		.uleb128 0x7
 2541 0092 6E000000 		.4byte	0x6e
 2542 0096 08       		.uleb128 0x8
 2543 0097 30010000 		.4byte	.LASF12
 2544 009b 03       		.byte	0x3
 2545 009c 1F       		.byte	0x1f
 2546 009d A7000000 		.4byte	0xa7
 2547 00a1 05       		.uleb128 0x5
 2548 00a2 03       		.byte	0x3
 2549 00a3 00000000 		.4byte	cy_meta_configecc
 2550 00a7 07       		.uleb128 0x7
 2551 00a8 79000000 		.4byte	0x79
 2552 00ac 05       		.uleb128 0x5
 2553 00ad 91000000 		.4byte	0x91
 2554 00b1 BC000000 		.4byte	0xbc
 2555 00b5 09       		.uleb128 0x9
 2556 00b6 8A000000 		.4byte	0x8a
 2557 00ba 03       		.byte	0x3
 2558 00bb 00       		.byte	0
 2559 00bc 0A       		.uleb128 0xa
 2560 00bd 20010000 		.4byte	.LASF13
 2561 00c1 03       		.byte	0x3
ARM GAS  C:\Users\Walaa\AppData\Local\Temp\cc5bwU6P.s 			page 46


 2562 00c2 5701     		.2byte	0x157
 2563 00c4 CE000000 		.4byte	0xce
 2564 00c8 05       		.uleb128 0x5
 2565 00c9 03       		.byte	0x3
 2566 00ca 00000000 		.4byte	cy_meta_custnvl
 2567 00ce 07       		.uleb128 0x7
 2568 00cf AC000000 		.4byte	0xac
 2569 00d3 0A       		.uleb128 0xa
 2570 00d4 83010000 		.4byte	.LASF14
 2571 00d8 03       		.byte	0x3
 2572 00d9 6501     		.2byte	0x165
 2573 00db E5000000 		.4byte	0xe5
 2574 00df 05       		.uleb128 0x5
 2575 00e0 03       		.byte	0x3
 2576 00e1 00000000 		.4byte	cy_meta_wonvl
 2577 00e5 07       		.uleb128 0x7
 2578 00e6 AC000000 		.4byte	0xac
 2579 00ea 05       		.uleb128 0x5
 2580 00eb 91000000 		.4byte	0x91
 2581 00ef FA000000 		.4byte	0xfa
 2582 00f3 09       		.uleb128 0x9
 2583 00f4 8A000000 		.4byte	0x8a
 2584 00f8 FF       		.byte	0xff
 2585 00f9 00       		.byte	0
 2586 00fa 0A       		.uleb128 0xa
 2587 00fb 6E010000 		.4byte	.LASF15
 2588 00ff 03       		.byte	0x3
 2589 0100 7301     		.2byte	0x173
 2590 0102 0C010000 		.4byte	0x10c
 2591 0106 05       		.uleb128 0x5
 2592 0107 03       		.byte	0x3
 2593 0108 00000000 		.4byte	cy_meta_flashprotect
 2594 010c 07       		.uleb128 0x7
 2595 010d EA000000 		.4byte	0xea
 2596 0111 05       		.uleb128 0x5
 2597 0112 91000000 		.4byte	0x91
 2598 0116 21010000 		.4byte	0x121
 2599 011a 09       		.uleb128 0x9
 2600 011b 8A000000 		.4byte	0x8a
 2601 011f 0B       		.byte	0xb
 2602 0120 00       		.byte	0
 2603 0121 0A       		.uleb128 0xa
 2604 0122 53000000 		.4byte	.LASF16
 2605 0126 03       		.byte	0x3
 2606 0127 A001     		.2byte	0x1a0
 2607 0129 33010000 		.4byte	0x133
 2608 012d 05       		.uleb128 0x5
 2609 012e 03       		.byte	0x3
 2610 012f 00000000 		.4byte	cy_metadata
 2611 0133 07       		.uleb128 0x7
 2612 0134 11010000 		.4byte	0x111
 2613 0138 00       		.byte	0
 2614              		.section	.debug_abbrev,"",%progbits
 2615              	.Ldebug_abbrev0:
 2616 0000 01       		.uleb128 0x1
 2617 0001 11       		.uleb128 0x11
 2618 0002 01       		.byte	0x1
ARM GAS  C:\Users\Walaa\AppData\Local\Temp\cc5bwU6P.s 			page 47


 2619 0003 25       		.uleb128 0x25
 2620 0004 0E       		.uleb128 0xe
 2621 0005 13       		.uleb128 0x13
 2622 0006 0B       		.uleb128 0xb
 2623 0007 03       		.uleb128 0x3
 2624 0008 0E       		.uleb128 0xe
 2625 0009 1B       		.uleb128 0x1b
 2626 000a 0E       		.uleb128 0xe
 2627 000b 10       		.uleb128 0x10
 2628 000c 17       		.uleb128 0x17
 2629 000d 00       		.byte	0
 2630 000e 00       		.byte	0
 2631 000f 02       		.uleb128 0x2
 2632 0010 24       		.uleb128 0x24
 2633 0011 00       		.byte	0
 2634 0012 0B       		.uleb128 0xb
 2635 0013 0B       		.uleb128 0xb
 2636 0014 3E       		.uleb128 0x3e
 2637 0015 0B       		.uleb128 0xb
 2638 0016 03       		.uleb128 0x3
 2639 0017 0E       		.uleb128 0xe
 2640 0018 00       		.byte	0
 2641 0019 00       		.byte	0
 2642 001a 03       		.uleb128 0x3
 2643 001b 16       		.uleb128 0x16
 2644 001c 00       		.byte	0
 2645 001d 03       		.uleb128 0x3
 2646 001e 0E       		.uleb128 0xe
 2647 001f 3A       		.uleb128 0x3a
 2648 0020 0B       		.uleb128 0xb
 2649 0021 3B       		.uleb128 0x3b
 2650 0022 0B       		.uleb128 0xb
 2651 0023 49       		.uleb128 0x49
 2652 0024 13       		.uleb128 0x13
 2653 0025 00       		.byte	0
 2654 0026 00       		.byte	0
 2655 0027 04       		.uleb128 0x4
 2656 0028 24       		.uleb128 0x24
 2657 0029 00       		.byte	0
 2658 002a 0B       		.uleb128 0xb
 2659 002b 0B       		.uleb128 0xb
 2660 002c 3E       		.uleb128 0x3e
 2661 002d 0B       		.uleb128 0xb
 2662 002e 03       		.uleb128 0x3
 2663 002f 08       		.uleb128 0x8
 2664 0030 00       		.byte	0
 2665 0031 00       		.byte	0
 2666 0032 05       		.uleb128 0x5
 2667 0033 01       		.uleb128 0x1
 2668 0034 01       		.byte	0x1
 2669 0035 49       		.uleb128 0x49
 2670 0036 13       		.uleb128 0x13
 2671 0037 01       		.uleb128 0x1
 2672 0038 13       		.uleb128 0x13
 2673 0039 00       		.byte	0
 2674 003a 00       		.byte	0
 2675 003b 06       		.uleb128 0x6
ARM GAS  C:\Users\Walaa\AppData\Local\Temp\cc5bwU6P.s 			page 48


 2676 003c 21       		.uleb128 0x21
 2677 003d 00       		.byte	0
 2678 003e 49       		.uleb128 0x49
 2679 003f 13       		.uleb128 0x13
 2680 0040 2F       		.uleb128 0x2f
 2681 0041 05       		.uleb128 0x5
 2682 0042 00       		.byte	0
 2683 0043 00       		.byte	0
 2684 0044 07       		.uleb128 0x7
 2685 0045 26       		.uleb128 0x26
 2686 0046 00       		.byte	0
 2687 0047 49       		.uleb128 0x49
 2688 0048 13       		.uleb128 0x13
 2689 0049 00       		.byte	0
 2690 004a 00       		.byte	0
 2691 004b 08       		.uleb128 0x8
 2692 004c 34       		.uleb128 0x34
 2693 004d 00       		.byte	0
 2694 004e 03       		.uleb128 0x3
 2695 004f 0E       		.uleb128 0xe
 2696 0050 3A       		.uleb128 0x3a
 2697 0051 0B       		.uleb128 0xb
 2698 0052 3B       		.uleb128 0x3b
 2699 0053 0B       		.uleb128 0xb
 2700 0054 49       		.uleb128 0x49
 2701 0055 13       		.uleb128 0x13
 2702 0056 3F       		.uleb128 0x3f
 2703 0057 19       		.uleb128 0x19
 2704 0058 02       		.uleb128 0x2
 2705 0059 18       		.uleb128 0x18
 2706 005a 00       		.byte	0
 2707 005b 00       		.byte	0
 2708 005c 09       		.uleb128 0x9
 2709 005d 21       		.uleb128 0x21
 2710 005e 00       		.byte	0
 2711 005f 49       		.uleb128 0x49
 2712 0060 13       		.uleb128 0x13
 2713 0061 2F       		.uleb128 0x2f
 2714 0062 0B       		.uleb128 0xb
 2715 0063 00       		.byte	0
 2716 0064 00       		.byte	0
 2717 0065 0A       		.uleb128 0xa
 2718 0066 34       		.uleb128 0x34
 2719 0067 00       		.byte	0
 2720 0068 03       		.uleb128 0x3
 2721 0069 0E       		.uleb128 0xe
 2722 006a 3A       		.uleb128 0x3a
 2723 006b 0B       		.uleb128 0xb
 2724 006c 3B       		.uleb128 0x3b
 2725 006d 05       		.uleb128 0x5
 2726 006e 49       		.uleb128 0x49
 2727 006f 13       		.uleb128 0x13
 2728 0070 3F       		.uleb128 0x3f
 2729 0071 19       		.uleb128 0x19
 2730 0072 02       		.uleb128 0x2
 2731 0073 18       		.uleb128 0x18
 2732 0074 00       		.byte	0
ARM GAS  C:\Users\Walaa\AppData\Local\Temp\cc5bwU6P.s 			page 49


 2733 0075 00       		.byte	0
 2734 0076 00       		.byte	0
 2735              		.section	.debug_aranges,"",%progbits
 2736 0000 14000000 		.4byte	0x14
 2737 0004 0200     		.2byte	0x2
 2738 0006 00000000 		.4byte	.Ldebug_info0
 2739 000a 04       		.byte	0x4
 2740 000b 00       		.byte	0
 2741 000c 0000     		.2byte	0
 2742 000e 0000     		.2byte	0
 2743 0010 00000000 		.4byte	0
 2744 0014 00000000 		.4byte	0
 2745              		.section	.debug_line,"",%progbits
 2746              	.Ldebug_line0:
 2747 0000 3D010000 		.section	.debug_str,"MS",%progbits,1
 2747      02003701 
 2747      00000201 
 2747      FB0E0D00 
 2747      01010101 
 2748              	.LASF9:
 2749 0000 5F5F7569 		.ascii	"__uint8_t\000"
 2749      6E74385F 
 2749      7400
 2750              	.LASF19:
 2751 000a 433A5C55 		.ascii	"C:\\Users\\Walaa\\Documents\\PSoC Creator\\unicon_w"
 2751      73657273 
 2751      5C57616C 
 2751      61615C44 
 2751      6F63756D 
 2752 0038 6F726B73 		.ascii	"orkspace\\PSoC_Unicon.cydsn\000"
 2752      70616365 
 2752      5C50536F 
 2752      435F556E 
 2752      69636F6E 
 2753              	.LASF16:
 2754 0053 63795F6D 		.ascii	"cy_metadata\000"
 2754      65746164 
 2754      61746100 
 2755              	.LASF1:
 2756 005f 756E7369 		.ascii	"unsigned char\000"
 2756      676E6564 
 2756      20636861 
 2756      7200
 2757              	.LASF17:
 2758 006d 474E5520 		.ascii	"GNU C11 5.4.1 20160609 (release) [ARM/embedded-5-br"
 2758      43313120 
 2758      352E342E 
 2758      31203230 
 2758      31363036 
 2759 00a0 616E6368 		.ascii	"anch revision 237715] -mcpu=cortex-m3 -mthumb -g -O"
 2759      20726576 
 2759      6973696F 
 2759      6E203233 
 2759      37373135 
 2760 00d3 67202D66 		.ascii	"g -ffunction-sections -ffat-lto-objects\000"
 2760      66756E63 
 2760      74696F6E 
ARM GAS  C:\Users\Walaa\AppData\Local\Temp\cc5bwU6P.s 			page 50


 2760      2D736563 
 2760      74696F6E 
 2761              	.LASF5:
 2762 00fb 6C6F6E67 		.ascii	"long unsigned int\000"
 2762      20756E73 
 2762      69676E65 
 2762      6420696E 
 2762      7400
 2763              	.LASF3:
 2764 010d 73686F72 		.ascii	"short unsigned int\000"
 2764      7420756E 
 2764      7369676E 
 2764      65642069 
 2764      6E7400
 2765              	.LASF13:
 2766 0120 63795F6D 		.ascii	"cy_meta_custnvl\000"
 2766      6574615F 
 2766      63757374 
 2766      6E766C00 
 2767              	.LASF12:
 2768 0130 63795F6D 		.ascii	"cy_meta_configecc\000"
 2768      6574615F 
 2768      636F6E66 
 2768      69676563 
 2768      6300
 2769              	.LASF8:
 2770 0142 756E7369 		.ascii	"unsigned int\000"
 2770      676E6564 
 2770      20696E74 
 2770      00
 2771              	.LASF7:
 2772 014f 6C6F6E67 		.ascii	"long long unsigned int\000"
 2772      206C6F6E 
 2772      6720756E 
 2772      7369676E 
 2772      65642069 
 2773              	.LASF10:
 2774 0166 75696E74 		.ascii	"uint8_t\000"
 2774      385F7400 
 2775              	.LASF15:
 2776 016e 63795F6D 		.ascii	"cy_meta_flashprotect\000"
 2776      6574615F 
 2776      666C6173 
 2776      6870726F 
 2776      74656374 
 2777              	.LASF14:
 2778 0183 63795F6D 		.ascii	"cy_meta_wonvl\000"
 2778      6574615F 
 2778      776F6E76 
 2778      6C00
 2779              	.LASF11:
 2780 0191 73697A65 		.ascii	"sizetype\000"
 2780      74797065 
 2780      00
 2781              	.LASF6:
 2782 019a 6C6F6E67 		.ascii	"long long int\000"
 2782      206C6F6E 
ARM GAS  C:\Users\Walaa\AppData\Local\Temp\cc5bwU6P.s 			page 51


 2782      6720696E 
 2782      7400
 2783              	.LASF2:
 2784 01a8 73686F72 		.ascii	"short int\000"
 2784      7420696E 
 2784      7400
 2785              	.LASF4:
 2786 01b2 6C6F6E67 		.ascii	"long int\000"
 2786      20696E74 
 2786      00
 2787              	.LASF0:
 2788 01bb 7369676E 		.ascii	"signed char\000"
 2788      65642063 
 2788      68617200 
 2789              	.LASF18:
 2790 01c7 47656E65 		.ascii	"Generated_Source\\PSoC5\\cymetadata.c\000"
 2790      72617465 
 2790      645F536F 
 2790      75726365 
 2790      5C50536F 
 2791              		.ident	"GCC: (GNU Tools for ARM Embedded Processors) 5.4.1 20160609 (release) [ARM/embedded-5-bran
